<?xml version="1.0" encoding="UTF-8"?>
<testng-results ignored="0" total="1" passed="1" failed="0" skipped="0">
  <reporter-output>
  </reporter-output>
<<<<<<< HEAD
  <suite started-at="2024-05-14T12:54:32 IST" name="LT Regression" finished-at="2024-05-14T13:00:50 IST" duration-ms="377354">
    <groups>
    </groups>
    <test started-at="2024-05-14T12:54:32 IST" name="Test80" finished-at="2024-05-14T13:00:50 IST" duration-ms="377354">
      <class name="testscripts.scenario1.CarDealer_RegisteredQuadBike_VATI_LT">
        <test-method is-config="true" signature="suiteSetup(org.testng.ITestContext)[pri:0, instance:testscripts.scenario1.CarDealer_RegisteredQuadBike_VATI_LT@6f03482]" started-at="2024-05-14T12:54:30 IST" name="suiteSetup" finished-at="2024-05-14T12:54:32 IST" duration-ms="2602" status="PASS">
          <params>
            <param index="0">
              <value>
                <![CDATA[org.testng.TestRunner@4cc6fa2a]]>
=======
  <suite started-at="2024-05-06T16:06:03 IST" name="LT Regression" finished-at="2024-05-06T16:11:39 IST" duration-ms="336208">
    <groups>
    </groups>
    <test started-at="2024-05-06T16:06:03 IST" name="Test96" finished-at="2024-05-06T16:11:39 IST" duration-ms="336208">
      <class name="testscripts.scenario1.CarDealer_RegisteredSnowmobile_VATI_LT">
        <test-method is-config="true" signature="suiteSetup(org.testng.ITestContext)[pri:0, instance:testscripts.scenario1.CarDealer_RegisteredSnowmobile_VATI_LT@40005471]" started-at="2024-05-06T16:05:59 IST" name="suiteSetup" finished-at="2024-05-06T16:06:03 IST" duration-ms="3399" status="PASS">
          <params>
            <param index="0">
              <value>
                <![CDATA[org.testng.TestRunner@3dddefd8]]>
>>>>>>> 9352c1e4407ef1d3cabcbb9ce91149e2e889d700
              </value>
            </param>
          </params>
          <reporter-output>
          </reporter-output>
        </test-method> <!-- suiteSetup -->
<<<<<<< HEAD
        <test-method is-config="true" signature="testMethodSetup()[pri:0, instance:testscripts.scenario1.CarDealer_RegisteredQuadBike_VATI_LT@6f03482]" started-at="2024-05-14T12:54:32 IST" name="testMethodSetup" finished-at="2024-05-14T12:54:32 IST" duration-ms="2" status="PASS">
          <reporter-output>
          </reporter-output>
        </test-method> <!-- testMethodSetup -->
        <test-method signature="runTC1(java.lang.String)[pri:0, instance:testscripts.scenario1.CarDealer_RegisteredQuadBike_VATI_LT@6f03482]" started-at="2024-05-14T12:54:32 IST" name="runTC1" finished-at="2024-05-14T13:00:50 IST" duration-ms="377173" status="FAIL">
=======
        <test-method is-config="true" signature="testMethodSetup()[pri:0, instance:testscripts.scenario1.CarDealer_RegisteredSnowmobile_VATI_LT@40005471]" started-at="2024-05-06T16:06:03 IST" name="testMethodSetup" finished-at="2024-05-06T16:06:03 IST" duration-ms="2" status="PASS">
          <reporter-output>
          </reporter-output>
        </test-method> <!-- testMethodSetup -->
        <test-method signature="runTC1(java.lang.String)[pri:0, instance:testscripts.scenario1.CarDealer_RegisteredSnowmobile_VATI_LT@40005471]" started-at="2024-05-06T16:06:03 IST" name="runTC1" finished-at="2024-05-06T16:11:39 IST" duration-ms="336001" status="PASS">
>>>>>>> 9352c1e4407ef1d3cabcbb9ce91149e2e889d700
          <params>
            <param index="0">
              <value>
                <![CDATA[chrome]]>
              </value>
            </param>
          </params>
<<<<<<< HEAD
          <exception class="java.lang.AssertionError">
            <message>
              <![CDATA[Expected condition failed: waiting for visibility of element located by By.xpath: //ss-motor-purchase-thank-you (tried for 120 second(s) with 500 milliseconds interval)
Build info: version: '4.8.0', revision: '267030adea'
System info: os.name: 'Windows 10', os.arch: 'amd64', os.version: '10.0', java.version: '17.0.9'
Driver info: org.openqa.selenium.chrome.ChromeDriver
Capabilities {acceptInsecureCerts: false, browserName: chrome, browserVersion: 123.0.6312.59, chrome: {chromedriverVersion: 123.0.6312.122 (31f8248cdd9..., userDataDir: C:\Users\KURIANI\AppData\Lo...}, fedcm:accounts: true, goog:chromeOptions: {debuggerAddress: localhost:58511}, networkConnectionEnabled: false, pageLoadStrategy: normal, platformName: WINDOWS, proxy: Proxy(), se:cdp: ws://localhost:58511/devtoo..., se:cdpVersion: 123.0.6312.59, setWindowRect: true, strictFileInteractability: false, timeouts: {implicit: 0, pageLoad: 300000, script: 30000}, unhandledPromptBehavior: dismiss and notify, webauthn:extension:credBlob: true, webauthn:extension:largeBlob: true, webauthn:extension:minPinLength: true, webauthn:extension:prf: true, webauthn:virtualAuthenticators: true}
Session ID: 453c99159bd5f0fce86d7f6db1673d6b]]>
            </message>
            <full-stacktrace>
              <![CDATA[java.lang.AssertionError: Expected condition failed: waiting for visibility of element located by By.xpath: //ss-motor-purchase-thank-you (tried for 120 second(s) with 500 milliseconds interval)
Build info: version: '4.8.0', revision: '267030adea'
System info: os.name: 'Windows 10', os.arch: 'amd64', os.version: '10.0', java.version: '17.0.9'
Driver info: org.openqa.selenium.chrome.ChromeDriver
Capabilities {acceptInsecureCerts: false, browserName: chrome, browserVersion: 123.0.6312.59, chrome: {chromedriverVersion: 123.0.6312.122 (31f8248cdd9..., userDataDir: C:\Users\KURIANI\AppData\Lo...}, fedcm:accounts: true, goog:chromeOptions: {debuggerAddress: localhost:58511}, networkConnectionEnabled: false, pageLoadStrategy: normal, platformName: WINDOWS, proxy: Proxy(), se:cdp: ws://localhost:58511/devtoo..., se:cdpVersion: 123.0.6312.59, setWindowRect: true, strictFileInteractability: false, timeouts: {implicit: 0, pageLoad: 300000, script: 30000}, unhandledPromptBehavior: dismiss and notify, webauthn:extension:credBlob: true, webauthn:extension:largeBlob: true, webauthn:extension:minPinLength: true, webauthn:extension:prf: true, webauthn:virtualAuthenticators: true}
Session ID: 453c99159bd5f0fce86d7f6db1673d6b
at org.testng.Assert.fail(Assert.java:111)
at supportlibraries.DriverScript.wrapUp(DriverScript.java:658)
at supportlibraries.DriverScript.driveTestExecution(DriverScript.java:121)
at testscripts.scenario1.CarDealer_RegisteredQuadBike_VATI_LT.runTC1(CarDealer_RegisteredQuadBike_VATI_LT.java:37)
at java.base/jdk.internal.reflect.NativeMethodAccessorImpl.invoke0(Native Method)
at java.base/jdk.internal.reflect.NativeMethodAccessorImpl.invoke(NativeMethodAccessorImpl.java:77)
at java.base/jdk.internal.reflect.DelegatingMethodAccessorImpl.invoke(DelegatingMethodAccessorImpl.java:43)
at java.base/java.lang.reflect.Method.invoke(Method.java:568)
at org.testng.internal.invokers.MethodInvocationHelper.invokeMethod(MethodInvocationHelper.java:139)
at org.testng.internal.invokers.TestInvoker.invokeMethod(TestInvoker.java:664)
at org.testng.internal.invokers.TestInvoker.invokeTestMethod(TestInvoker.java:227)
at org.testng.internal.invokers.MethodRunner.runInSequence(MethodRunner.java:50)
at org.testng.internal.invokers.TestInvoker$MethodInvocationAgent.invoke(TestInvoker.java:957)
at org.testng.internal.invokers.TestInvoker.invokeTestMethods(TestInvoker.java:200)
at org.testng.internal.invokers.TestMethodWorker.invokeTestMethods(TestMethodWorker.java:148)
at org.testng.internal.invokers.TestMethodWorker.run(TestMethodWorker.java:128)
at java.base/java.util.ArrayList.forEach(ArrayList.java:1511)
at org.testng.TestRunner.privateRun(TestRunner.java:848)
at org.testng.TestRunner.run(TestRunner.java:621)
at org.testng.SuiteRunner.runTest(SuiteRunner.java:443)
at org.testng.SuiteRunner$SuiteWorker.run(SuiteRunner.java:481)
at org.testng.internal.thread.ThreadUtil.lambda$execute$0(ThreadUtil.java:58)
at java.base/java.util.concurrent.FutureTask.run(FutureTask.java:264)
at java.base/java.util.concurrent.ThreadPoolExecutor.runWorker(ThreadPoolExecutor.java:1136)
at java.base/java.util.concurrent.ThreadPoolExecutor$Worker.run(ThreadPoolExecutor.java:635)
at java.base/java.lang.Thread.run(Thread.java:842)
]]>
            </full-stacktrace>
          </exception> <!-- java.lang.AssertionError -->
          <reporter-output>
          </reporter-output>
        </test-method> <!-- runTC1 -->
        <test-method is-config="true" signature="testMethodTearDown()[pri:0, instance:testscripts.scenario1.CarDealer_RegisteredQuadBike_VATI_LT@6f03482]" started-at="2024-05-14T13:00:50 IST" name="testMethodTearDown" finished-at="2024-05-14T13:00:50 IST" duration-ms="135" status="PASS">
          <reporter-output>
          </reporter-output>
        </test-method> <!-- testMethodTearDown -->
        <test-method is-config="true" signature="suiteTearDown()[pri:0, instance:testscripts.scenario1.CarDealer_RegisteredQuadBike_VATI_LT@6f03482]" started-at="2024-05-14T13:00:50 IST" name="suiteTearDown" finished-at="2024-05-14T13:00:56 IST" duration-ms="6623" status="PASS">
          <reporter-output>
          </reporter-output>
        </test-method> <!-- suiteTearDown -->
      </class> <!-- testscripts.scenario1.CarDealer_RegisteredQuadBike_VATI_LT -->
    </test> <!-- Test80 -->
=======
          <reporter-output>
          </reporter-output>
        </test-method> <!-- runTC1 -->
        <test-method is-config="true" signature="testMethodTearDown()[pri:0, instance:testscripts.scenario1.CarDealer_RegisteredSnowmobile_VATI_LT@40005471]" started-at="2024-05-06T16:11:39 IST" name="testMethodTearDown" finished-at="2024-05-06T16:11:39 IST" duration-ms="156" status="PASS">
          <reporter-output>
          </reporter-output>
        </test-method> <!-- testMethodTearDown -->
        <test-method is-config="true" signature="suiteTearDown()[pri:0, instance:testscripts.scenario1.CarDealer_RegisteredSnowmobile_VATI_LT@40005471]" started-at="2024-05-06T16:11:39 IST" name="suiteTearDown" finished-at="2024-05-06T16:11:43 IST" duration-ms="3853" status="PASS">
          <reporter-output>
          </reporter-output>
        </test-method> <!-- suiteTearDown -->
      </class> <!-- testscripts.scenario1.CarDealer_RegisteredSnowmobile_VATI_LT -->
    </test> <!-- Test96 -->
>>>>>>> 9352c1e4407ef1d3cabcbb9ce91149e2e889d700
  </suite> <!-- LT Regression -->
</testng-results>
