<?xml version="1.0" encoding="UTF-8"?>
<!-- Generated by org.testng.reporters.JUnitXMLReporter -->
<<<<<<< HEAD
<testsuite ignored="0" hostname="dvtcstests048" failures="1" tests="1" name="Test57" time="295.456" errors="0" timestamp="2024-05-08T20:14:12 IST">
  <testcase classname="testscripts.scenario1.VDSScenario2_Fire_VehicledamagesfromQuestion_Truck_PH_Turva" name="runTC1" time="295.379">
    <failure type="java.lang.AssertionError" message="no such element: Unable to locate element: {&amp;quot;method&amp;quot;:&amp;quot;css selector&amp;quot;,&amp;quot;selector&amp;quot;:&amp;quot;div &amp;gt; duet-checkbox:nth-child(4) &amp;gt; div&amp;quot;}
  (Session info: chrome=124.0.6367.61)
=======
<testsuite ignored="0" hostname="dvtcstests048" failures="1" tests="1" name="Test57" time="63.111" errors="0" timestamp="2024-04-16T23:23:30 IST">
  <testcase classname="testscripts.scenario1.VDSScenario2_Fire_VehicledamagesfromQuestion_Truck_PH_Turva" name="runTC1" time="62.539">
    <failure type="java.lang.AssertionError" message="no such element: Unable to locate element: {&amp;quot;method&amp;quot;:&amp;quot;css selector&amp;quot;,&amp;quot;selector&amp;quot;:&amp;quot;#generic\.claims_tab&amp;quot;}
  (Session info: chrome=123.0.6312.59)
>>>>>>> 9352c1e4407ef1d3cabcbb9ce91149e2e889d700
For documentation on this error, please visit: https://selenium.dev/exceptions/#no_such_element
Build info: version: &amp;apos;4.8.0&amp;apos;, revision: &amp;apos;267030adea&amp;apos;
System info: os.name: &amp;apos;Windows 10&amp;apos;, os.arch: &amp;apos;amd64&amp;apos;, os.version: &amp;apos;10.0&amp;apos;, java.version: &amp;apos;17.0.9&amp;apos;
Driver info: org.openqa.selenium.remote.RemoteWebDriver
<<<<<<< HEAD
Command: [3e06d75ad704495e5a5ff269df593d454afb4531, findElementFromShadowRoot {shadowId=f.C0624B170B474FE4E20546C3C7F5EE6E.d.68D7B55C20F04D95F3EE12D8B0C6A4FD.e.550, using=css selector, value=div &amp;gt; duet-checkbox:nth-child(4) &amp;gt; div}]
Capabilities {acceptInsecureCerts: true, browserName: chrome, browserVersion: 124.0.6367.61, chrome: {chromedriverVersion: 124.0.6367.60 (8771130bd84f..., userDataDir: C:\Windows\proxy\scoped_dir...}, fedcm:accounts: true, goog:chromeOptions: {debuggerAddress: localhost:9222}, networkConnectionEnabled: false, pageLoadStrategy: normal, platformName: WINDOWS, proxy: Proxy(), setWindowRect: true, strictFileInteractability: false, timeouts: {implicit: 0, pageLoad: 300000, script: 30000}, unhandledPromptBehavior: dismiss and notify, webauthn:extension:credBlob: true, webauthn:extension:largeBlob: true, webauthn:extension:minPinLength: true, webauthn:extension:prf: true, webauthn:virtualAuthenticators: true, webdriver.remote.sessionid: 3e06d75ad704495e5a5ff269df5...}
Session ID: 3e06d75ad704495e5a5ff269df593d454afb4531">
      <![CDATA[java.lang.AssertionError: no such element: Unable to locate element: {"method":"css selector","selector":"div > duet-checkbox:nth-child(4) > div"}
  (Session info: chrome=124.0.6367.61)
=======
Command: [67d228166349bd4919ced1b86bf4be04f8dbbb2d, findElementFromShadowRoot {shadowId=f.B22C5D026B911BB07F091F90A420735D.d.B12D99DB2200BEDD9E8001E3A2FE03D4.e.63, using=css selector, value=#generic\.claims_tab}]
Capabilities {acceptInsecureCerts: true, browserName: chrome, browserVersion: 123.0.6312.59, chrome: {chromedriverVersion: 123.0.6312.58 (6b4b19e9dfbb..., userDataDir: C:\Windows\proxy\scoped_dir...}, fedcm:accounts: true, goog:chromeOptions: {debuggerAddress: localhost:9222}, networkConnectionEnabled: false, pageLoadStrategy: normal, platformName: WINDOWS, proxy: Proxy(), setWindowRect: true, strictFileInteractability: false, timeouts: {implicit: 0, pageLoad: 300000, script: 30000}, unhandledPromptBehavior: dismiss and notify, webauthn:extension:credBlob: true, webauthn:extension:largeBlob: true, webauthn:extension:minPinLength: true, webauthn:extension:prf: true, webauthn:virtualAuthenticators: true, webdriver.remote.sessionid: 67d228166349bd4919ced1b86bf...}
Session ID: 67d228166349bd4919ced1b86bf4be04f8dbbb2d">
      <![CDATA[java.lang.AssertionError: no such element: Unable to locate element: {"method":"css selector","selector":"#generic\.claims_tab"}
  (Session info: chrome=123.0.6312.59)
>>>>>>> 9352c1e4407ef1d3cabcbb9ce91149e2e889d700
For documentation on this error, please visit: https://selenium.dev/exceptions/#no_such_element
Build info: version: '4.8.0', revision: '267030adea'
System info: os.name: 'Windows 10', os.arch: 'amd64', os.version: '10.0', java.version: '17.0.9'
Driver info: org.openqa.selenium.remote.RemoteWebDriver
<<<<<<< HEAD
Command: [3e06d75ad704495e5a5ff269df593d454afb4531, findElementFromShadowRoot {shadowId=f.C0624B170B474FE4E20546C3C7F5EE6E.d.68D7B55C20F04D95F3EE12D8B0C6A4FD.e.550, using=css selector, value=div > duet-checkbox:nth-child(4) > div}]
Capabilities {acceptInsecureCerts: true, browserName: chrome, browserVersion: 124.0.6367.61, chrome: {chromedriverVersion: 124.0.6367.60 (8771130bd84f..., userDataDir: C:\Windows\proxy\scoped_dir...}, fedcm:accounts: true, goog:chromeOptions: {debuggerAddress: localhost:9222}, networkConnectionEnabled: false, pageLoadStrategy: normal, platformName: WINDOWS, proxy: Proxy(), setWindowRect: true, strictFileInteractability: false, timeouts: {implicit: 0, pageLoad: 300000, script: 30000}, unhandledPromptBehavior: dismiss and notify, webauthn:extension:credBlob: true, webauthn:extension:largeBlob: true, webauthn:extension:minPinLength: true, webauthn:extension:prf: true, webauthn:virtualAuthenticators: true, webdriver.remote.sessionid: 3e06d75ad704495e5a5ff269df5...}
Session ID: 3e06d75ad704495e5a5ff269df593d454afb4531
=======
Command: [67d228166349bd4919ced1b86bf4be04f8dbbb2d, findElementFromShadowRoot {shadowId=f.B22C5D026B911BB07F091F90A420735D.d.B12D99DB2200BEDD9E8001E3A2FE03D4.e.63, using=css selector, value=#generic\.claims_tab}]
Capabilities {acceptInsecureCerts: true, browserName: chrome, browserVersion: 123.0.6312.59, chrome: {chromedriverVersion: 123.0.6312.58 (6b4b19e9dfbb..., userDataDir: C:\Windows\proxy\scoped_dir...}, fedcm:accounts: true, goog:chromeOptions: {debuggerAddress: localhost:9222}, networkConnectionEnabled: false, pageLoadStrategy: normal, platformName: WINDOWS, proxy: Proxy(), setWindowRect: true, strictFileInteractability: false, timeouts: {implicit: 0, pageLoad: 300000, script: 30000}, unhandledPromptBehavior: dismiss and notify, webauthn:extension:credBlob: true, webauthn:extension:largeBlob: true, webauthn:extension:minPinLength: true, webauthn:extension:prf: true, webauthn:virtualAuthenticators: true, webdriver.remote.sessionid: 67d228166349bd4919ced1b86bf...}
Session ID: 67d228166349bd4919ced1b86bf4be04f8dbbb2d
>>>>>>> 9352c1e4407ef1d3cabcbb9ce91149e2e889d700
at supportlibraries.DriverScript.wrapUp(DriverScript.java:658)
at supportlibraries.DriverScript.driveTestExecution(DriverScript.java:121)
at testscripts.scenario1.VDSScenario2_Fire_VehicledamagesfromQuestion_Truck_PH_Turva.runTC1(VDSScenario2_Fire_VehicledamagesfromQuestion_Truck_PH_Turva.java:30)
at java.base/java.util.ArrayList.forEach(ArrayList.java:1511)
at java.base/java.util.concurrent.FutureTask.run(FutureTask.java:264)
at java.base/java.util.concurrent.ThreadPoolExecutor.runWorker(ThreadPoolExecutor.java:1136)
at java.base/java.util.concurrent.ThreadPoolExecutor$Worker.run(ThreadPoolExecutor.java:635)
at java.base/java.lang.Thread.run(Thread.java:842)
... Removed 18 stack frames]]>
    </failure>
  </testcase> <!-- runTC1 -->
</testsuite> <!-- Test57 -->
