<?xml version="1.0" encoding="UTF-8"?>
<!-- Generated by org.testng.reporters.JUnitXMLReporter -->
<<<<<<< HEAD
<testsuite ignored="0" hostname="dvtcstests048" failures="1" tests="1" name="Test58" time="373.545" errors="0" timestamp="2024-05-08T20:20:26 IST">
  <testcase classname="testscripts.scenario1.VDSScenario3_naturalphenomenon_VehicledamagesfromQuestion_Motorcycle_Proxy_Turva" name="runTC1" time="373.429">
    <failure type="java.lang.AssertionError" message="The specified file &amp;quot;C:\Users\KURIANI\Desktop\MA_WS\Latest_Motor_UI_Automation\MotorUIAutomation\Datatables\Scenario1.xlsx&amp;quot; does not exist!">
      <![CDATA[java.lang.AssertionError: The specified file "C:\Users\KURIANI\Desktop\MA_WS\Latest_Motor_UI_Automation\MotorUIAutomation\Datatables\Scenario1.xlsx" does not exist!
=======
<testsuite ignored="0" hostname="dvtcstests048" failures="1" tests="1" name="Test58" time="69.245" errors="0" timestamp="2024-04-16T23:24:39 IST">
  <testcase classname="testscripts.scenario1.VDSScenario3_naturalphenomenon_VehicledamagesfromQuestion_Motorcycle_Proxy_Turva" name="runTC1" time="68.99">
    <failure type="java.lang.AssertionError" message="no such element: Unable to locate element: {&amp;quot;method&amp;quot;:&amp;quot;css selector&amp;quot;,&amp;quot;selector&amp;quot;:&amp;quot;#generic\.claims_tab&amp;quot;}
  (Session info: chrome=123.0.6312.59)
For documentation on this error, please visit: https://selenium.dev/exceptions/#no_such_element
Build info: version: &amp;apos;4.8.0&amp;apos;, revision: &amp;apos;267030adea&amp;apos;
System info: os.name: &amp;apos;Windows 10&amp;apos;, os.arch: &amp;apos;amd64&amp;apos;, os.version: &amp;apos;10.0&amp;apos;, java.version: &amp;apos;17.0.9&amp;apos;
Driver info: org.openqa.selenium.remote.RemoteWebDriver
Command: [976f87a767680ed1914d7ddadae429a1099c84bd, findElementFromShadowRoot {shadowId=f.2D1EFFF581E4B5E57E0EFE32B6CCC340.d.6F48ABC2F78820B19B2A2BDFBAC62AAB.e.43, using=css selector, value=#generic\.claims_tab}]
Capabilities {acceptInsecureCerts: true, browserName: chrome, browserVersion: 123.0.6312.59, chrome: {chromedriverVersion: 123.0.6312.58 (6b4b19e9dfbb..., userDataDir: C:\Windows\proxy\scoped_dir...}, fedcm:accounts: true, goog:chromeOptions: {debuggerAddress: localhost:9222}, networkConnectionEnabled: false, pageLoadStrategy: normal, platformName: WINDOWS, proxy: Proxy(), setWindowRect: true, strictFileInteractability: false, timeouts: {implicit: 0, pageLoad: 300000, script: 30000}, unhandledPromptBehavior: dismiss and notify, webauthn:extension:credBlob: true, webauthn:extension:largeBlob: true, webauthn:extension:minPinLength: true, webauthn:extension:prf: true, webauthn:virtualAuthenticators: true, webdriver.remote.sessionid: 976f87a767680ed1914d7ddadae...}
Session ID: 976f87a767680ed1914d7ddadae429a1099c84bd">
      <![CDATA[java.lang.AssertionError: no such element: Unable to locate element: {"method":"css selector","selector":"#generic\.claims_tab"}
  (Session info: chrome=123.0.6312.59)
For documentation on this error, please visit: https://selenium.dev/exceptions/#no_such_element
Build info: version: '4.8.0', revision: '267030adea'
System info: os.name: 'Windows 10', os.arch: 'amd64', os.version: '10.0', java.version: '17.0.9'
Driver info: org.openqa.selenium.remote.RemoteWebDriver
Command: [976f87a767680ed1914d7ddadae429a1099c84bd, findElementFromShadowRoot {shadowId=f.2D1EFFF581E4B5E57E0EFE32B6CCC340.d.6F48ABC2F78820B19B2A2BDFBAC62AAB.e.43, using=css selector, value=#generic\.claims_tab}]
Capabilities {acceptInsecureCerts: true, browserName: chrome, browserVersion: 123.0.6312.59, chrome: {chromedriverVersion: 123.0.6312.58 (6b4b19e9dfbb..., userDataDir: C:\Windows\proxy\scoped_dir...}, fedcm:accounts: true, goog:chromeOptions: {debuggerAddress: localhost:9222}, networkConnectionEnabled: false, pageLoadStrategy: normal, platformName: WINDOWS, proxy: Proxy(), setWindowRect: true, strictFileInteractability: false, timeouts: {implicit: 0, pageLoad: 300000, script: 30000}, unhandledPromptBehavior: dismiss and notify, webauthn:extension:credBlob: true, webauthn:extension:largeBlob: true, webauthn:extension:minPinLength: true, webauthn:extension:prf: true, webauthn:virtualAuthenticators: true, webdriver.remote.sessionid: 976f87a767680ed1914d7ddadae...}
Session ID: 976f87a767680ed1914d7ddadae429a1099c84bd
>>>>>>> 9352c1e4407ef1d3cabcbb9ce91149e2e889d700
at supportlibraries.DriverScript.wrapUp(DriverScript.java:658)
at supportlibraries.DriverScript.driveTestExecution(DriverScript.java:121)
at testscripts.scenario1.VDSScenario3_naturalphenomenon_VehicledamagesfromQuestion_Motorcycle_Proxy_Turva.runTC1(VDSScenario3_naturalphenomenon_VehicledamagesfromQuestion_Motorcycle_Proxy_Turva.java:30)
at java.base/java.util.ArrayList.forEach(ArrayList.java:1511)
at java.base/java.util.concurrent.FutureTask.run(FutureTask.java:264)
at java.base/java.util.concurrent.ThreadPoolExecutor.runWorker(ThreadPoolExecutor.java:1136)
at java.base/java.util.concurrent.ThreadPoolExecutor$Worker.run(ThreadPoolExecutor.java:635)
at java.base/java.lang.Thread.run(Thread.java:842)
... Removed 18 stack frames]]>
    </failure>
  </testcase> <!-- runTC1 -->
</testsuite> <!-- Test58 -->
