<?xml version="1.0" encoding="UTF-8"?>
<!-- Generated by org.testng.reporters.JUnitXMLReporter -->
<<<<<<< HEAD
<testsuite ignored="0" hostname="dvtcstests048" failures="1" tests="1" name="Tests43" time="756.15" errors="0" timestamp="2024-05-09T12:06:31 IST">
  <testcase classname="testscripts.scenario1.TheftScenario6_vehiclehasnotbeenlost_NO_Driver_Turva" name="runTC1" time="755.995">
    <failure type="java.lang.AssertionError" message="Refreshed and retried for 1.30 min">
      <![CDATA[java.lang.AssertionError: Refreshed and retried for 1.30 min
=======
<testsuite ignored="0" hostname="dvtcstests048" failures="1" tests="1" name="Tests43" time="556.734" errors="0" timestamp="2024-04-16T22:33:02 IST">
  <testcase classname="testscripts.scenario1.TheftScenario6_vehiclehasnotbeenlost_NO_Driver_Turva" name="runTC1" time="556.609">
    <failure type="java.lang.AssertionError" message="no such element: Unable to locate element: {&amp;quot;method&amp;quot;:&amp;quot;xpath&amp;quot;,&amp;quot;selector&amp;quot;:&amp;quot;//*[@id=&amp;quot;ClaimNOLSnapshotLossDetails_LT-ClaimSnapshotLossDetailsScreen-ClaimSnapshotGeneralPanelSet-ClaimSnapshotLossDetailsMotor_LTPanelSet-LossLocationDescription&amp;quot;]&amp;quot;}
  (Session info: chrome=123.0.6312.59)
For documentation on this error, please visit: https://selenium.dev/exceptions/#no_such_element
Build info: version: &amp;apos;4.8.0&amp;apos;, revision: &amp;apos;267030adea&amp;apos;
System info: os.name: &amp;apos;Windows 10&amp;apos;, os.arch: &amp;apos;amd64&amp;apos;, os.version: &amp;apos;10.0&amp;apos;, java.version: &amp;apos;17.0.9&amp;apos;
Driver info: org.openqa.selenium.remote.RemoteWebDriver
Command: [a98c68e8e6c3179bd896091a5afcdbdb48f57ba0, findElement {using=xpath, value=//*[@id=&amp;quot;ClaimNOLSnapshotLossDetails_LT-ClaimSnapshotLossDetailsScreen-ClaimSnapshotGeneralPanelSet-ClaimSnapshotLossDetailsMotor_LTPanelSet-LossLocationDescription&amp;quot;]}]
Capabilities {acceptInsecureCerts: true, browserName: chrome, browserVersion: 123.0.6312.59, chrome: {chromedriverVersion: 123.0.6312.58 (6b4b19e9dfbb..., userDataDir: C:\Windows\proxy\scoped_dir...}, fedcm:accounts: true, goog:chromeOptions: {debuggerAddress: localhost:9222}, networkConnectionEnabled: false, pageLoadStrategy: normal, platformName: WINDOWS, proxy: Proxy(), setWindowRect: true, strictFileInteractability: false, timeouts: {implicit: 0, pageLoad: 300000, script: 30000}, unhandledPromptBehavior: dismiss and notify, webauthn:extension:credBlob: true, webauthn:extension:largeBlob: true, webauthn:extension:minPinLength: true, webauthn:extension:prf: true, webauthn:virtualAuthenticators: true, webdriver.remote.sessionid: a98c68e8e6c3179bd896091a5af...}
Session ID: a98c68e8e6c3179bd896091a5afcdbdb48f57ba0">
      <![CDATA[java.lang.AssertionError: no such element: Unable to locate element: {"method":"xpath","selector":"//*[@id="ClaimNOLSnapshotLossDetails_LT-ClaimSnapshotLossDetailsScreen-ClaimSnapshotGeneralPanelSet-ClaimSnapshotLossDetailsMotor_LTPanelSet-LossLocationDescription"]"}
  (Session info: chrome=123.0.6312.59)
For documentation on this error, please visit: https://selenium.dev/exceptions/#no_such_element
Build info: version: '4.8.0', revision: '267030adea'
System info: os.name: 'Windows 10', os.arch: 'amd64', os.version: '10.0', java.version: '17.0.9'
Driver info: org.openqa.selenium.remote.RemoteWebDriver
Command: [a98c68e8e6c3179bd896091a5afcdbdb48f57ba0, findElement {using=xpath, value=//*[@id="ClaimNOLSnapshotLossDetails_LT-ClaimSnapshotLossDetailsScreen-ClaimSnapshotGeneralPanelSet-ClaimSnapshotLossDetailsMotor_LTPanelSet-LossLocationDescription"]}]
Capabilities {acceptInsecureCerts: true, browserName: chrome, browserVersion: 123.0.6312.59, chrome: {chromedriverVersion: 123.0.6312.58 (6b4b19e9dfbb..., userDataDir: C:\Windows\proxy\scoped_dir...}, fedcm:accounts: true, goog:chromeOptions: {debuggerAddress: localhost:9222}, networkConnectionEnabled: false, pageLoadStrategy: normal, platformName: WINDOWS, proxy: Proxy(), setWindowRect: true, strictFileInteractability: false, timeouts: {implicit: 0, pageLoad: 300000, script: 30000}, unhandledPromptBehavior: dismiss and notify, webauthn:extension:credBlob: true, webauthn:extension:largeBlob: true, webauthn:extension:minPinLength: true, webauthn:extension:prf: true, webauthn:virtualAuthenticators: true, webdriver.remote.sessionid: a98c68e8e6c3179bd896091a5af...}
Session ID: a98c68e8e6c3179bd896091a5afcdbdb48f57ba0
>>>>>>> 9352c1e4407ef1d3cabcbb9ce91149e2e889d700
at supportlibraries.DriverScript.wrapUp(DriverScript.java:658)
at supportlibraries.DriverScript.driveTestExecution(DriverScript.java:121)
at testscripts.scenario1.TheftScenario6_vehiclehasnotbeenlost_NO_Driver_Turva.runTC1(TheftScenario6_vehiclehasnotbeenlost_NO_Driver_Turva.java:30)
at java.base/java.util.ArrayList.forEach(ArrayList.java:1511)
at java.base/java.util.concurrent.FutureTask.run(FutureTask.java:264)
at java.base/java.util.concurrent.ThreadPoolExecutor.runWorker(ThreadPoolExecutor.java:1136)
at java.base/java.util.concurrent.ThreadPoolExecutor$Worker.run(ThreadPoolExecutor.java:635)
at java.base/java.lang.Thread.run(Thread.java:842)
... Removed 18 stack frames]]>
    </failure>
  </testcase> <!-- runTC1 -->
</testsuite> <!-- Tests43 -->
