<html>
<head>
<title>TestNG:  Test57</title>
<link href="../testng.css" rel="stylesheet" type="text/css" />
<link href="../my-testng.css" rel="stylesheet" type="text/css" />

<style type="text/css">
.log { display: none;} 
.stack-trace { display: none;} 
</style>
<script type="text/javascript">
<!--
function flip(e) {
  current = e.style.display;
  if (current == 'block') {
    e.style.display = 'none';
    return 0;
  }
  else {
    e.style.display = 'block';
    return 1;
  }
}

function toggleBox(szDivId, elem, msg1, msg2)
{
  var res = -1;  if (document.getElementById) {
    res = flip(document.getElementById(szDivId));
  }
  else if (document.all) {
    // this is the way old msie versions work
    res = flip(document.all[szDivId]);
  }
  if(elem) {
    if(res == 0) elem.innerHTML = msg1; else elem.innerHTML = msg2;
  }

}

function toggleAllBoxes() {
  if (document.getElementsByTagName) {
    d = document.getElementsByTagName('div');
    for (i = 0; i < d.length; i++) {
      if (d[i].className == 'log') {
        flip(d[i]);
      }
    }
  }
}

// -->
</script>

</head>
<body>
<h2 align='center'>Test57</h2><table border='1' align="center">
<tr>
<td>Tests passed/Failed/Skipped:</td><td>0/1/0</td>
</tr><tr>
<<<<<<< HEAD
<td>Started on:</td><td>Wed May 08 20:09:17 IST 2024</td>
</tr>
<tr><td>Total time:</td><td>295 seconds (295456 ms)</td>
=======
<td>Started on:</td><td>Tue Apr 16 23:22:26 IST 2024</td>
</tr>
<tr><td>Total time:</td><td>63 seconds (63111 ms)</td>
>>>>>>> 9352c1e4407ef1d3cabcbb9ce91149e2e889d700
</tr><tr>
<td>Included groups:</td><td></td>
</tr><tr>
<td>Excluded groups:</td><td></td>
</tr>
</table><p/>
<small><i>(Hover the method name to see the test class name)</i></small><p/>
<table width='100%' border='1' class='invocation-failed'>
<tr><td colspan='4' align='center'><b>FAILED TESTS</b></td></tr>
<tr><td><b>Test method</b></td>
<td><b>Attribute(s)</b></td>
<td width="30%"><b>Exception</b></td>
<td width="10%"><b>Time (seconds)</b></td>
<td><b>Instance</b></td>
</tr>
<tr>
<td title='testscripts.scenario1.VDSScenario2_Fire_VehicledamagesfromQuestion_Truck_PH_Turva.runTC1()'><b>runTC1</b><br>Test class: testscripts.scenario1.VDSScenario2_Fire_VehicledamagesfromQuestion_Truck_PH_Turva<br>Parameters: chrome</td>
<<<<<<< HEAD
<td><div><pre>java.lang.AssertionError: no such element: Unable to locate element: {&quot;method&quot;:&quot;css selector&quot;,&quot;selector&quot;:&quot;div &gt; duet-checkbox:nth-child(4) &gt; div&quot;}
  (Session info: chrome=124.0.6367.61)
=======
<td><div><pre>java.lang.AssertionError: no such element: Unable to locate element: {&quot;method&quot;:&quot;css selector&quot;,&quot;selector&quot;:&quot;#generic\.claims_tab&quot;}
  (Session info: chrome=123.0.6312.59)
>>>>>>> 9352c1e4407ef1d3cabcbb9ce91149e2e889d700
For documentation on this error, please visit: https://selenium.dev/exceptions/#no_such_element
Build info: version: &apos;4.8.0&apos;, revision: &apos;267030adea&apos;
System info: os.name: &apos;Windows 10&apos;, os.arch: &apos;amd64&apos;, os.version: &apos;10.0&apos;, java.version: &apos;17.0.9&apos;
Driver info: org.openqa.selenium.remote.RemoteWebDriver
<<<<<<< HEAD
Command: [3e06d75ad704495e5a5ff269df593d454afb4531, findElementFromShadowRoot {shadowId=f.C0624B170B474FE4E20546C3C7F5EE6E.d.68D7B55C20F04D95F3EE12D8B0C6A4FD.e.550, using=css selector, value=div &gt; duet-checkbox:nth-child(4) &gt; div}]
Capabilities {acceptInsecureCerts: true, browserName: chrome, browserVersion: 124.0.6367.61, chrome: {chromedriverVersion: 124.0.6367.60 (8771130bd84f..., userDataDir: C:\Windows\proxy\scoped_dir...}, fedcm:accounts: true, goog:chromeOptions: {debuggerAddress: localhost:9222}, networkConnectionEnabled: false, pageLoadStrategy: normal, platformName: WINDOWS, proxy: Proxy(), setWindowRect: true, strictFileInteractability: false, timeouts: {implicit: 0, pageLoad: 300000, script: 30000}, unhandledPromptBehavior: dismiss and notify, webauthn:extension:credBlob: true, webauthn:extension:largeBlob: true, webauthn:extension:minPinLength: true, webauthn:extension:prf: true, webauthn:virtualAuthenticators: true, webdriver.remote.sessionid: 3e06d75ad704495e5a5ff269df5...}
Session ID: 3e06d75ad704495e5a5ff269df593d454afb4531
=======
Command: [67d228166349bd4919ced1b86bf4be04f8dbbb2d, findElementFromShadowRoot {shadowId=f.B22C5D026B911BB07F091F90A420735D.d.B12D99DB2200BEDD9E8001E3A2FE03D4.e.63, using=css selector, value=#generic\.claims_tab}]
Capabilities {acceptInsecureCerts: true, browserName: chrome, browserVersion: 123.0.6312.59, chrome: {chromedriverVersion: 123.0.6312.58 (6b4b19e9dfbb..., userDataDir: C:\Windows\proxy\scoped_dir...}, fedcm:accounts: true, goog:chromeOptions: {debuggerAddress: localhost:9222}, networkConnectionEnabled: false, pageLoadStrategy: normal, platformName: WINDOWS, proxy: Proxy(), setWindowRect: true, strictFileInteractability: false, timeouts: {implicit: 0, pageLoad: 300000, script: 30000}, unhandledPromptBehavior: dismiss and notify, webauthn:extension:credBlob: true, webauthn:extension:largeBlob: true, webauthn:extension:minPinLength: true, webauthn:extension:prf: true, webauthn:virtualAuthenticators: true, webdriver.remote.sessionid: 67d228166349bd4919ced1b86bf...}
Session ID: 67d228166349bd4919ced1b86bf4be04f8dbbb2d
>>>>>>> 9352c1e4407ef1d3cabcbb9ce91149e2e889d700
	at supportlibraries.DriverScript.wrapUp(DriverScript.java:658)
	at supportlibraries.DriverScript.driveTestExecution(DriverScript.java:121)
	at testscripts.scenario1.VDSScenario2_Fire_VehicledamagesfromQuestion_Truck_PH_Turva.runTC1(VDSScenario2_Fire_VehicledamagesfromQuestion_Truck_PH_Turva.java:30)
	at java.base/java.util.ArrayList.forEach(ArrayList.java:1511)
	at java.base/java.util.concurrent.FutureTask.run(FutureTask.java:264)
	at java.base/java.util.concurrent.ThreadPoolExecutor.runWorker(ThreadPoolExecutor.java:1136)
	at java.base/java.util.concurrent.ThreadPoolExecutor$Worker.run(ThreadPoolExecutor.java:635)
	at java.base/java.lang.Thread.run(Thread.java:842)
<<<<<<< HEAD
... Removed 18 stack frames</pre></div><a href='#' onClick='toggleBox("stack-trace1329536878", this, "Click to show all stack frames", "Click to hide stack frames")'>Click to show all stack frames</a>
<div class='stack-trace' id='stack-trace1329536878'><pre>java.lang.AssertionError: no such element: Unable to locate element: {&quot;method&quot;:&quot;css selector&quot;,&quot;selector&quot;:&quot;div &gt; duet-checkbox:nth-child(4) &gt; div&quot;}
  (Session info: chrome=124.0.6367.61)
=======
... Removed 18 stack frames</pre></div><a href='#' onClick='toggleBox("stack-trace1780384420", this, "Click to show all stack frames", "Click to hide stack frames")'>Click to show all stack frames</a>
<div class='stack-trace' id='stack-trace1780384420'><pre>java.lang.AssertionError: no such element: Unable to locate element: {&quot;method&quot;:&quot;css selector&quot;,&quot;selector&quot;:&quot;#generic\.claims_tab&quot;}
  (Session info: chrome=123.0.6312.59)
>>>>>>> 9352c1e4407ef1d3cabcbb9ce91149e2e889d700
For documentation on this error, please visit: https://selenium.dev/exceptions/#no_such_element
Build info: version: &apos;4.8.0&apos;, revision: &apos;267030adea&apos;
System info: os.name: &apos;Windows 10&apos;, os.arch: &apos;amd64&apos;, os.version: &apos;10.0&apos;, java.version: &apos;17.0.9&apos;
Driver info: org.openqa.selenium.remote.RemoteWebDriver
<<<<<<< HEAD
Command: [3e06d75ad704495e5a5ff269df593d454afb4531, findElementFromShadowRoot {shadowId=f.C0624B170B474FE4E20546C3C7F5EE6E.d.68D7B55C20F04D95F3EE12D8B0C6A4FD.e.550, using=css selector, value=div &gt; duet-checkbox:nth-child(4) &gt; div}]
Capabilities {acceptInsecureCerts: true, browserName: chrome, browserVersion: 124.0.6367.61, chrome: {chromedriverVersion: 124.0.6367.60 (8771130bd84f..., userDataDir: C:\Windows\proxy\scoped_dir...}, fedcm:accounts: true, goog:chromeOptions: {debuggerAddress: localhost:9222}, networkConnectionEnabled: false, pageLoadStrategy: normal, platformName: WINDOWS, proxy: Proxy(), setWindowRect: true, strictFileInteractability: false, timeouts: {implicit: 0, pageLoad: 300000, script: 30000}, unhandledPromptBehavior: dismiss and notify, webauthn:extension:credBlob: true, webauthn:extension:largeBlob: true, webauthn:extension:minPinLength: true, webauthn:extension:prf: true, webauthn:virtualAuthenticators: true, webdriver.remote.sessionid: 3e06d75ad704495e5a5ff269df5...}
Session ID: 3e06d75ad704495e5a5ff269df593d454afb4531
=======
Command: [67d228166349bd4919ced1b86bf4be04f8dbbb2d, findElementFromShadowRoot {shadowId=f.B22C5D026B911BB07F091F90A420735D.d.B12D99DB2200BEDD9E8001E3A2FE03D4.e.63, using=css selector, value=#generic\.claims_tab}]
Capabilities {acceptInsecureCerts: true, browserName: chrome, browserVersion: 123.0.6312.59, chrome: {chromedriverVersion: 123.0.6312.58 (6b4b19e9dfbb..., userDataDir: C:\Windows\proxy\scoped_dir...}, fedcm:accounts: true, goog:chromeOptions: {debuggerAddress: localhost:9222}, networkConnectionEnabled: false, pageLoadStrategy: normal, platformName: WINDOWS, proxy: Proxy(), setWindowRect: true, strictFileInteractability: false, timeouts: {implicit: 0, pageLoad: 300000, script: 30000}, unhandledPromptBehavior: dismiss and notify, webauthn:extension:credBlob: true, webauthn:extension:largeBlob: true, webauthn:extension:minPinLength: true, webauthn:extension:prf: true, webauthn:virtualAuthenticators: true, webdriver.remote.sessionid: 67d228166349bd4919ced1b86bf...}
Session ID: 67d228166349bd4919ced1b86bf4be04f8dbbb2d
>>>>>>> 9352c1e4407ef1d3cabcbb9ce91149e2e889d700
	at org.testng.Assert.fail(Assert.java:111)
	at supportlibraries.DriverScript.wrapUp(DriverScript.java:658)
	at supportlibraries.DriverScript.driveTestExecution(DriverScript.java:121)
	at testscripts.scenario1.VDSScenario2_Fire_VehicledamagesfromQuestion_Truck_PH_Turva.runTC1(VDSScenario2_Fire_VehicledamagesfromQuestion_Truck_PH_Turva.java:30)
	at java.base/jdk.internal.reflect.NativeMethodAccessorImpl.invoke0(Native Method)
	at java.base/jdk.internal.reflect.NativeMethodAccessorImpl.invoke(NativeMethodAccessorImpl.java:77)
	at java.base/jdk.internal.reflect.DelegatingMethodAccessorImpl.invoke(DelegatingMethodAccessorImpl.java:43)
	at java.base/java.lang.reflect.Method.invoke(Method.java:568)
	at org.testng.internal.invokers.MethodInvocationHelper.invokeMethod(MethodInvocationHelper.java:139)
	at org.testng.internal.invokers.TestInvoker.invokeMethod(TestInvoker.java:664)
	at org.testng.internal.invokers.TestInvoker.invokeTestMethod(TestInvoker.java:227)
	at org.testng.internal.invokers.MethodRunner.runInSequence(MethodRunner.java:50)
	at org.testng.internal.invokers.TestInvoker$MethodInvocationAgent.invoke(TestInvoker.java:957)
	at org.testng.internal.invokers.TestInvoker.invokeTestMethods(TestInvoker.java:200)
	at org.testng.internal.invokers.TestMethodWorker.invokeTestMethods(TestMethodWorker.java:148)
	at org.testng.internal.invokers.TestMethodWorker.run(TestMethodWorker.java:128)
	at java.base/java.util.ArrayList.forEach(ArrayList.java:1511)
	at org.testng.TestRunner.privateRun(TestRunner.java:848)
	at org.testng.TestRunner.run(TestRunner.java:621)
	at org.testng.SuiteRunner.runTest(SuiteRunner.java:443)
	at org.testng.SuiteRunner$SuiteWorker.run(SuiteRunner.java:481)
	at org.testng.internal.thread.ThreadUtil.lambda$execute$0(ThreadUtil.java:58)
	at java.base/java.util.concurrent.FutureTask.run(FutureTask.java:264)
	at java.base/java.util.concurrent.ThreadPoolExecutor.runWorker(ThreadPoolExecutor.java:1136)
	at java.base/java.util.concurrent.ThreadPoolExecutor$Worker.run(ThreadPoolExecutor.java:635)
	at java.base/java.lang.Thread.run(Thread.java:842)
</pre></div></td>
<<<<<<< HEAD
<td>295</td>
<td>testscripts.scenario1.VDSScenario2_Fire_VehicledamagesfromQuestion_Truck_PH_Turva@131ef10</td></tr>
=======
<td>62</td>
<td>testscripts.scenario1.VDSScenario2_Fire_VehicledamagesfromQuestion_Truck_PH_Turva@445b295b</td></tr>
>>>>>>> 9352c1e4407ef1d3cabcbb9ce91149e2e889d700
</table><p>
</body>
</html>