<?xml version="1.0" encoding="UTF-8"?>
<!-- Generated by org.testng.reporters.JUnitXMLReporter -->
<<<<<<< HEAD
<testsuite ignored="0" hostname="dvtcstests048" failures="1" tests="1" name="Test46" time="450.211" errors="0" timestamp="2024-05-09T12:35:24 IST">
  <testcase classname="testscripts.scenario1.ParkinglotCollisionScenario2_UnknownVehicle_PH_NO_Turva" name="runTC1" time="450.124">
    <failure type="java.lang.AssertionError" message="element click intercepted: Element &amp;lt;div class=&amp;quot;gw-header--inner gw-header--icon&amp;quot; id=&amp;quot;SimpleClaimSearch-SimpleClaimSearchScreen-SimpleClaimSearchResultsLV-LossDateHeader_inner&amp;quot;&amp;gt;...&amp;lt;/div&amp;gt; is not clickable at point (1349, 336). Other element would receive the click: &amp;lt;div id=&amp;quot;gw-center-bottom-section&amp;quot;&amp;gt;...&amp;lt;/div&amp;gt;
  (Session info: chrome=123.0.6312.59)
Build info: version: &amp;apos;4.8.0&amp;apos;, revision: &amp;apos;267030adea&amp;apos;
System info: os.name: &amp;apos;Windows 10&amp;apos;, os.arch: &amp;apos;amd64&amp;apos;, os.version: &amp;apos;10.0&amp;apos;, java.version: &amp;apos;17.0.9&amp;apos;
Driver info: org.openqa.selenium.chrome.ChromeDriver
Command: [279958850ef2e61ca9b4998687fbff3a, clickElement {id=f.E97D436C9B2E3088FD1C8F95D30D43DA.d.F34C5B9ACFC1931209C7F47BCCF743F0.e.161}]
Capabilities {acceptInsecureCerts: false, browserName: chrome, browserVersion: 123.0.6312.59, chrome: {chromedriverVersion: 123.0.6312.122 (31f8248cdd9..., userDataDir: C:\Users\KURIANI\AppData\Lo...}, fedcm:accounts: true, goog:chromeOptions: {debuggerAddress: localhost:60067}, networkConnectionEnabled: false, pageLoadStrategy: normal, platformName: WINDOWS, proxy: Proxy(), se:cdp: ws://localhost:60067/devtoo..., se:cdpVersion: 123.0.6312.59, setWindowRect: true, strictFileInteractability: false, timeouts: {implicit: 0, pageLoad: 300000, script: 30000}, unhandledPromptBehavior: dismiss and notify, webauthn:extension:credBlob: true, webauthn:extension:largeBlob: true, webauthn:extension:minPinLength: true, webauthn:extension:prf: true, webauthn:virtualAuthenticators: true}
Element: [[ChromeDriver: chrome on WINDOWS (279958850ef2e61ca9b4998687fbff3a)] -&amp;gt; xpath: //*[@id=&amp;quot;SimpleClaimSearch-SimpleClaimSearchScreen-SimpleClaimSearchResultsLV-LossDateHeader_inner&amp;quot;]]
Session ID: 279958850ef2e61ca9b4998687fbff3a">
      <![CDATA[java.lang.AssertionError: element click intercepted: Element <div class="gw-header--inner gw-header--icon" id="SimpleClaimSearch-SimpleClaimSearchScreen-SimpleClaimSearchResultsLV-LossDateHeader_inner">...</div> is not clickable at point (1349, 336). Other element would receive the click: <div id="gw-center-bottom-section">...</div>
  (Session info: chrome=123.0.6312.59)
Build info: version: '4.8.0', revision: '267030adea'
System info: os.name: 'Windows 10', os.arch: 'amd64', os.version: '10.0', java.version: '17.0.9'
Driver info: org.openqa.selenium.chrome.ChromeDriver
Command: [279958850ef2e61ca9b4998687fbff3a, clickElement {id=f.E97D436C9B2E3088FD1C8F95D30D43DA.d.F34C5B9ACFC1931209C7F47BCCF743F0.e.161}]
Capabilities {acceptInsecureCerts: false, browserName: chrome, browserVersion: 123.0.6312.59, chrome: {chromedriverVersion: 123.0.6312.122 (31f8248cdd9..., userDataDir: C:\Users\KURIANI\AppData\Lo...}, fedcm:accounts: true, goog:chromeOptions: {debuggerAddress: localhost:60067}, networkConnectionEnabled: false, pageLoadStrategy: normal, platformName: WINDOWS, proxy: Proxy(), se:cdp: ws://localhost:60067/devtoo..., se:cdpVersion: 123.0.6312.59, setWindowRect: true, strictFileInteractability: false, timeouts: {implicit: 0, pageLoad: 300000, script: 30000}, unhandledPromptBehavior: dismiss and notify, webauthn:extension:credBlob: true, webauthn:extension:largeBlob: true, webauthn:extension:minPinLength: true, webauthn:extension:prf: true, webauthn:virtualAuthenticators: true}
Element: [[ChromeDriver: chrome on WINDOWS (279958850ef2e61ca9b4998687fbff3a)] -> xpath: //*[@id="SimpleClaimSearch-SimpleClaimSearchScreen-SimpleClaimSearchResultsLV-LossDateHeader_inner"]]
Session ID: 279958850ef2e61ca9b4998687fbff3a
at supportlibraries.DriverScript.wrapUp(DriverScript.java:658)
at supportlibraries.DriverScript.driveTestExecution(DriverScript.java:121)
at testscripts.scenario1.ParkinglotCollisionScenario2_UnknownVehicle_PH_NO_Turva.runTC1(ParkinglotCollisionScenario2_UnknownVehicle_PH_NO_Turva.java:30)
at java.base/java.util.ArrayList.forEach(ArrayList.java:1511)
at java.base/java.util.concurrent.FutureTask.run(FutureTask.java:264)
at java.base/java.util.concurrent.ThreadPoolExecutor.runWorker(ThreadPoolExecutor.java:1136)
at java.base/java.util.concurrent.ThreadPoolExecutor$Worker.run(ThreadPoolExecutor.java:635)
at java.base/java.lang.Thread.run(Thread.java:842)
... Removed 18 stack frames]]>
    </failure>
  </testcase> <!-- runTC1 -->
=======
<testsuite ignored="0" hostname="dvtcstests048" failures="0" tests="1" name="Test46" time="475.187" errors="0" timestamp="2024-04-16T22:58:57 IST">
  <testcase classname="testscripts.scenario1.ParkinglotCollisionScenario2_UnknownVehicle_PH_NO_Turva" name="runTC1" time="475.091"/>
>>>>>>> 9352c1e4407ef1d3cabcbb9ce91149e2e889d700
</testsuite> <!-- Test46 -->
