<?xml version="1.0" encoding="UTF-8"?>
<!-- Generated by org.testng.reporters.JUnitXMLReporter -->
<testsuite ignored="0" hostname="dvtcstests013" failures="1" tests="1" name="Testt8" time="705.438" errors="0" timestamp="2024-03-15T12:45:47 IST">
  <testcase classname="testscripts.scenario1.Vandalism_PH_NoPC_DamageCausedByAnotherVehicle_TU" name="runTC1" time="705.289">
    <failure type="java.lang.AssertionError" message="element not interactable
  (Session info: chrome=122.0.6261.70)
Build info: version: &amp;apos;4.16.0&amp;apos;, revision: &amp;apos;15400459dd*&amp;apos;
System info: os.name: &amp;apos;Windows 10&amp;apos;, os.arch: &amp;apos;amd64&amp;apos;, os.version: &amp;apos;10.0&amp;apos;, java.version: &amp;apos;17.0.9&amp;apos;
Driver info: org.openqa.selenium.chrome.ChromeDriver
Command: [a3c72ed3911355a20dbf85bebba39a47, sendKeysToElement {id=08CD649A3DCDA127282409EE834F6033_element_138, value=[Ljava.lang.CharSequence;@6b609439}]
Capabilities {acceptInsecureCerts: false, browserName: chrome, browserVersion: 122.0.6261.70, chrome: {chromedriverVersion: 121.0.6167.85 (3f98d690ad7e..., userDataDir: C:\Users\ANI\AppData\Local\...}, fedcm:accounts: true, goog:chromeOptions: {debuggerAddress: localhost:49419}, networkConnectionEnabled: false, pageLoadStrategy: normal, platformName: windows, proxy: Proxy(), se:cdp: ws://localhost:49419/devtoo..., se:cdpVersion: 122.0.6261.70, setWindowRect: true, strictFileInteractability: false, timeouts: {implicit: 0, pageLoad: 300000, script: 30000}, unhandledPromptBehavior: dismiss and notify, webauthn:extension:credBlob: true, webauthn:extension:largeBlob: true, webauthn:extension:minPinLength: true, webauthn:extension:prf: true, webauthn:virtualAuthenticators: true}
Element: [[ChromeDriver: chrome on windows (a3c72ed3911355a20dbf85bebba39a47)] -&amp;gt; xpath: (//*[@class=&amp;quot;gw-TextValueWidget gw-styleTag--InputWidget gw-ValueWidget gw-readonly&amp;quot;])[1]]
Session ID: a3c72ed3911355a20dbf85bebba39a47">
      <![CDATA[java.lang.AssertionError: element not interactable
  (Session info: chrome=122.0.6261.70)
Build info: version: '4.16.0', revision: '15400459dd*'
System info: os.name: 'Windows 10', os.arch: 'amd64', os.version: '10.0', java.version: '17.0.9'
Driver info: org.openqa.selenium.chrome.ChromeDriver
Command: [a3c72ed3911355a20dbf85bebba39a47, sendKeysToElement {id=08CD649A3DCDA127282409EE834F6033_element_138, value=[Ljava.lang.CharSequence;@6b609439}]
Capabilities {acceptInsecureCerts: false, browserName: chrome, browserVersion: 122.0.6261.70, chrome: {chromedriverVersion: 121.0.6167.85 (3f98d690ad7e..., userDataDir: C:\Users\ANI\AppData\Local\...}, fedcm:accounts: true, goog:chromeOptions: {debuggerAddress: localhost:49419}, networkConnectionEnabled: false, pageLoadStrategy: normal, platformName: windows, proxy: Proxy(), se:cdp: ws://localhost:49419/devtoo..., se:cdpVersion: 122.0.6261.70, setWindowRect: true, strictFileInteractability: false, timeouts: {implicit: 0, pageLoad: 300000, script: 30000}, unhandledPromptBehavior: dismiss and notify, webauthn:extension:credBlob: true, webauthn:extension:largeBlob: true, webauthn:extension:minPinLength: true, webauthn:extension:prf: true, webauthn:virtualAuthenticators: true}
Element: [[ChromeDriver: chrome on windows (a3c72ed3911355a20dbf85bebba39a47)] -> xpath: (//*[@class="gw-TextValueWidget gw-styleTag--InputWidget gw-ValueWidget gw-readonly"])[1]]
Session ID: a3c72ed3911355a20dbf85bebba39a47
at supportlibraries.DriverScript.wrapUp(DriverScript.java:568)
at supportlibraries.DriverScript.driveTestExecution(DriverScript.java:104)
at testscripts.scenario1.Vandalism_PH_NoPC_DamageCausedByAnotherVehicle_TU.runTC1(Vandalism_PH_NoPC_DamageCausedByAnotherVehicle_TU.java:37)
at java.base/java.util.ArrayList.forEach(ArrayList.java:1511)
at java.base/java.util.concurrent.FutureTask.run(FutureTask.java:264)
at java.base/java.util.concurrent.ThreadPoolExecutor.runWorker(ThreadPoolExecutor.java:1136)
at java.base/java.util.concurrent.ThreadPoolExecutor$Worker.run(ThreadPoolExecutor.java:635)
at java.base/java.lang.Thread.run(Thread.java:842)
... Removed 18 stack frames]]>
    </failure>
  </testcase> <!-- runTC1 -->
</testsuite> <!-- Testt8 -->
