<html>
<head>
<title>TestNG:  Test21</title>
<link href="../testng.css" rel="stylesheet" type="text/css" />
<link href="../my-testng.css" rel="stylesheet" type="text/css" />

<style type="text/css">
.log { display: none;} 
.stack-trace { display: none;} 
</style>
<script type="text/javascript">
<!--
function flip(e) {
  current = e.style.display;
  if (current == 'block') {
    e.style.display = 'none';
    return 0;
  }
  else {
    e.style.display = 'block';
    return 1;
  }
}

function toggleBox(szDivId, elem, msg1, msg2)
{
  var res = -1;  if (document.getElementById) {
    res = flip(document.getElementById(szDivId));
  }
  else if (document.all) {
    // this is the way old msie versions work
    res = flip(document.all[szDivId]);
  }
  if(elem) {
    if(res == 0) elem.innerHTML = msg1; else elem.innerHTML = msg2;
  }

}

function toggleAllBoxes() {
  if (document.getElementsByTagName) {
    d = document.getElementsByTagName('div');
    for (i = 0; i < d.length; i++) {
      if (d[i].className == 'log') {
        flip(d[i]);
      }
    }
  }
}

// -->
</script>

</head>
<body>
<h2 align='center'>Test21</h2><table border='1' align="center">
<tr>
<td>Tests passed/Failed/Skipped:</td><td>0/1/0</td>
</tr><tr>
<<<<<<< HEAD
<td>Started on:</td><td>Fri May 10 17:04:29 IST 2024</td>
</tr>
<tr><td>Total time:</td><td>612 seconds (612474 ms)</td>
=======
<td>Started on:</td><td>Mon May 06 11:59:09 IST 2024</td>
</tr>
<tr><td>Total time:</td><td>416 seconds (416174 ms)</td>
>>>>>>> 9352c1e4407ef1d3cabcbb9ce91149e2e889d700
</tr><tr>
<td>Included groups:</td><td></td>
</tr><tr>
<td>Excluded groups:</td><td></td>
</tr>
</table><p/>
<small><i>(Hover the method name to see the test class name)</i></small><p/>
<table width='100%' border='1' class='invocation-failed'>
<tr><td colspan='4' align='center'><b>FAILED TESTS</b></td></tr>
<tr><td><b>Test method</b></td>
<td><b>Attribute(s)</b></td>
<td width="30%"><b>Exception</b></td>
<td width="10%"><b>Time (seconds)</b></td>
<td><b>Instance</b></td>
</tr>
<tr>
<td title='testscripts.scenario1.CollisionWithAnotherVehicle_Yes_LT.runTC1()'><b>runTC1</b><br>Test class: testscripts.scenario1.CollisionWithAnotherVehicle_Yes_LT<br>Parameters: chrome</td>
<<<<<<< HEAD
<td><div><pre>java.lang.AssertionError: invalid argument
=======
<td><div><pre>java.lang.AssertionError: element click intercepted: Element &lt;duet-multiselect _ngcontent-bji-c701=&quot;&quot; id=&quot;frontSelect&quot; label-hidden=&quot;&quot; margin=&quot;none&quot; expand=&quot;&quot; class=&quot;duet-m-0 duet-expand hydrated&quot;&gt;&lt;/duet-multiselect&gt; is not clickable at point (254, 46). Other element would receive the click: &lt;duet-header _ngcontent-bji-c298=&quot;&quot; skip-to-id=&quot;#main&quot; class=&quot;ss-header duet-header-default-variation hydrated&quot; current-href=&quot;./#/fnol/vehicle/collision/other-vehicle-damages&quot;&gt;...&lt;/duet-header&gt;
>>>>>>> 9352c1e4407ef1d3cabcbb9ce91149e2e889d700
  (Session info: chrome=123.0.6312.59)
Build info: version: &apos;4.8.0&apos;, revision: &apos;267030adea&apos;
System info: os.name: &apos;Windows 10&apos;, os.arch: &apos;amd64&apos;, os.version: &apos;10.0&apos;, java.version: &apos;17.0.9&apos;
Driver info: org.openqa.selenium.chrome.ChromeDriver
<<<<<<< HEAD
Command: [d9d81f96c960ae5e363cc561e8674eb8, get {url=}]
Capabilities {acceptInsecureCerts: false, browserName: chrome, browserVersion: 123.0.6312.59, chrome: {chromedriverVersion: 123.0.6312.122 (31f8248cdd9..., userDataDir: C:\Users\KURIANI\AppData\Lo...}, fedcm:accounts: true, goog:chromeOptions: {debuggerAddress: localhost:60039}, networkConnectionEnabled: false, pageLoadStrategy: normal, platformName: WINDOWS, proxy: Proxy(), se:cdp: ws://localhost:60039/devtoo..., se:cdpVersion: 123.0.6312.59, setWindowRect: true, strictFileInteractability: false, timeouts: {implicit: 0, pageLoad: 300000, script: 30000}, unhandledPromptBehavior: dismiss and notify, webauthn:extension:credBlob: true, webauthn:extension:largeBlob: true, webauthn:extension:minPinLength: true, webauthn:extension:prf: true, webauthn:virtualAuthenticators: true}
Session ID: d9d81f96c960ae5e363cc561e8674eb8
=======
Command: [713da82b658185029a304fb829d2a633, clickElement {id=f.3BCD4ED04DD50F5917D3C4BE0684C625.d.4DB0A9457EAC1133E97EAC7BEB8B0BA2.e.849}]
Capabilities {acceptInsecureCerts: false, browserName: chrome, browserVersion: 123.0.6312.59, chrome: {chromedriverVersion: 123.0.6312.122 (31f8248cdd9..., userDataDir: C:\Users\KURIANI\AppData\Lo...}, fedcm:accounts: true, goog:chromeOptions: {debuggerAddress: localhost:54346}, networkConnectionEnabled: false, pageLoadStrategy: normal, platformName: WINDOWS, proxy: Proxy(), se:cdp: ws://localhost:54346/devtoo..., se:cdpVersion: 123.0.6312.59, setWindowRect: true, strictFileInteractability: false, timeouts: {implicit: 0, pageLoad: 300000, script: 30000}, unhandledPromptBehavior: dismiss and notify, webauthn:extension:credBlob: true, webauthn:extension:largeBlob: true, webauthn:extension:minPinLength: true, webauthn:extension:prf: true, webauthn:virtualAuthenticators: true}
Element: [[ChromeDriver: chrome on WINDOWS (713da82b658185029a304fb829d2a633)] -&gt; css selector: #frontSelect]
Session ID: 713da82b658185029a304fb829d2a633
>>>>>>> 9352c1e4407ef1d3cabcbb9ce91149e2e889d700
	at supportlibraries.DriverScript.wrapUp(DriverScript.java:658)
	at supportlibraries.DriverScript.driveTestExecution(DriverScript.java:121)
	at testscripts.scenario1.CollisionWithAnotherVehicle_Yes_LT.runTC1(CollisionWithAnotherVehicle_Yes_LT.java:37)
	at java.base/java.util.ArrayList.forEach(ArrayList.java:1511)
	at java.base/java.util.concurrent.FutureTask.run(FutureTask.java:264)
	at java.base/java.util.concurrent.ThreadPoolExecutor.runWorker(ThreadPoolExecutor.java:1136)
	at java.base/java.util.concurrent.ThreadPoolExecutor$Worker.run(ThreadPoolExecutor.java:635)
	at java.base/java.lang.Thread.run(Thread.java:842)
<<<<<<< HEAD
... Removed 18 stack frames</pre></div><a href='#' onClick='toggleBox("stack-trace1499291304", this, "Click to show all stack frames", "Click to hide stack frames")'>Click to show all stack frames</a>
<div class='stack-trace' id='stack-trace1499291304'><pre>java.lang.AssertionError: invalid argument
=======
... Removed 18 stack frames</pre></div><a href='#' onClick='toggleBox("stack-trace1104435434", this, "Click to show all stack frames", "Click to hide stack frames")'>Click to show all stack frames</a>
<div class='stack-trace' id='stack-trace1104435434'><pre>java.lang.AssertionError: element click intercepted: Element &lt;duet-multiselect _ngcontent-bji-c701=&quot;&quot; id=&quot;frontSelect&quot; label-hidden=&quot;&quot; margin=&quot;none&quot; expand=&quot;&quot; class=&quot;duet-m-0 duet-expand hydrated&quot;&gt;&lt;/duet-multiselect&gt; is not clickable at point (254, 46). Other element would receive the click: &lt;duet-header _ngcontent-bji-c298=&quot;&quot; skip-to-id=&quot;#main&quot; class=&quot;ss-header duet-header-default-variation hydrated&quot; current-href=&quot;./#/fnol/vehicle/collision/other-vehicle-damages&quot;&gt;...&lt;/duet-header&gt;
>>>>>>> 9352c1e4407ef1d3cabcbb9ce91149e2e889d700
  (Session info: chrome=123.0.6312.59)
Build info: version: &apos;4.8.0&apos;, revision: &apos;267030adea&apos;
System info: os.name: &apos;Windows 10&apos;, os.arch: &apos;amd64&apos;, os.version: &apos;10.0&apos;, java.version: &apos;17.0.9&apos;
Driver info: org.openqa.selenium.chrome.ChromeDriver
<<<<<<< HEAD
Command: [d9d81f96c960ae5e363cc561e8674eb8, get {url=}]
Capabilities {acceptInsecureCerts: false, browserName: chrome, browserVersion: 123.0.6312.59, chrome: {chromedriverVersion: 123.0.6312.122 (31f8248cdd9..., userDataDir: C:\Users\KURIANI\AppData\Lo...}, fedcm:accounts: true, goog:chromeOptions: {debuggerAddress: localhost:60039}, networkConnectionEnabled: false, pageLoadStrategy: normal, platformName: WINDOWS, proxy: Proxy(), se:cdp: ws://localhost:60039/devtoo..., se:cdpVersion: 123.0.6312.59, setWindowRect: true, strictFileInteractability: false, timeouts: {implicit: 0, pageLoad: 300000, script: 30000}, unhandledPromptBehavior: dismiss and notify, webauthn:extension:credBlob: true, webauthn:extension:largeBlob: true, webauthn:extension:minPinLength: true, webauthn:extension:prf: true, webauthn:virtualAuthenticators: true}
Session ID: d9d81f96c960ae5e363cc561e8674eb8
=======
Command: [713da82b658185029a304fb829d2a633, clickElement {id=f.3BCD4ED04DD50F5917D3C4BE0684C625.d.4DB0A9457EAC1133E97EAC7BEB8B0BA2.e.849}]
Capabilities {acceptInsecureCerts: false, browserName: chrome, browserVersion: 123.0.6312.59, chrome: {chromedriverVersion: 123.0.6312.122 (31f8248cdd9..., userDataDir: C:\Users\KURIANI\AppData\Lo...}, fedcm:accounts: true, goog:chromeOptions: {debuggerAddress: localhost:54346}, networkConnectionEnabled: false, pageLoadStrategy: normal, platformName: WINDOWS, proxy: Proxy(), se:cdp: ws://localhost:54346/devtoo..., se:cdpVersion: 123.0.6312.59, setWindowRect: true, strictFileInteractability: false, timeouts: {implicit: 0, pageLoad: 300000, script: 30000}, unhandledPromptBehavior: dismiss and notify, webauthn:extension:credBlob: true, webauthn:extension:largeBlob: true, webauthn:extension:minPinLength: true, webauthn:extension:prf: true, webauthn:virtualAuthenticators: true}
Element: [[ChromeDriver: chrome on WINDOWS (713da82b658185029a304fb829d2a633)] -&gt; css selector: #frontSelect]
Session ID: 713da82b658185029a304fb829d2a633
>>>>>>> 9352c1e4407ef1d3cabcbb9ce91149e2e889d700
	at org.testng.Assert.fail(Assert.java:111)
	at supportlibraries.DriverScript.wrapUp(DriverScript.java:658)
	at supportlibraries.DriverScript.driveTestExecution(DriverScript.java:121)
	at testscripts.scenario1.CollisionWithAnotherVehicle_Yes_LT.runTC1(CollisionWithAnotherVehicle_Yes_LT.java:37)
	at java.base/jdk.internal.reflect.NativeMethodAccessorImpl.invoke0(Native Method)
	at java.base/jdk.internal.reflect.NativeMethodAccessorImpl.invoke(NativeMethodAccessorImpl.java:77)
	at java.base/jdk.internal.reflect.DelegatingMethodAccessorImpl.invoke(DelegatingMethodAccessorImpl.java:43)
	at java.base/java.lang.reflect.Method.invoke(Method.java:568)
	at org.testng.internal.invokers.MethodInvocationHelper.invokeMethod(MethodInvocationHelper.java:139)
	at org.testng.internal.invokers.TestInvoker.invokeMethod(TestInvoker.java:664)
	at org.testng.internal.invokers.TestInvoker.invokeTestMethod(TestInvoker.java:227)
	at org.testng.internal.invokers.MethodRunner.runInSequence(MethodRunner.java:50)
	at org.testng.internal.invokers.TestInvoker$MethodInvocationAgent.invoke(TestInvoker.java:957)
	at org.testng.internal.invokers.TestInvoker.invokeTestMethods(TestInvoker.java:200)
	at org.testng.internal.invokers.TestMethodWorker.invokeTestMethods(TestMethodWorker.java:148)
	at org.testng.internal.invokers.TestMethodWorker.run(TestMethodWorker.java:128)
	at java.base/java.util.ArrayList.forEach(ArrayList.java:1511)
	at org.testng.TestRunner.privateRun(TestRunner.java:848)
	at org.testng.TestRunner.run(TestRunner.java:621)
	at org.testng.SuiteRunner.runTest(SuiteRunner.java:443)
	at org.testng.SuiteRunner$SuiteWorker.run(SuiteRunner.java:481)
	at org.testng.internal.thread.ThreadUtil.lambda$execute$0(ThreadUtil.java:58)
	at java.base/java.util.concurrent.FutureTask.run(FutureTask.java:264)
	at java.base/java.util.concurrent.ThreadPoolExecutor.runWorker(ThreadPoolExecutor.java:1136)
	at java.base/java.util.concurrent.ThreadPoolExecutor$Worker.run(ThreadPoolExecutor.java:635)
	at java.base/java.lang.Thread.run(Thread.java:842)
</pre></div></td>
<<<<<<< HEAD
<td>612</td>
<td>testscripts.scenario1.CollisionWithAnotherVehicle_Yes_LT@6f03482</td></tr>
=======
<td>415</td>
<td>testscripts.scenario1.CollisionWithAnotherVehicle_Yes_LT@40005471</td></tr>
>>>>>>> 9352c1e4407ef1d3cabcbb9ce91149e2e889d700
</table><p>
</body>
</html>