<?xml version="1.0" encoding="UTF-8"?>
<!-- Generated by org.testng.reporters.JUnitXMLReporter -->
<<<<<<< HEAD
<testsuite ignored="0" hostname="dvtcstests048" failures="1" tests="1" name="Test95" time="300.178" errors="0" timestamp="2024-05-07T20:37:04 IST">
  <testcase classname="testscripts.scenario1.CarDealer_UnregisteredMotorCycle_VATI_LT" name="runTC1" time="300.078">
    <failure type="java.lang.AssertionError" message="no such element: Unable to locate element: {&amp;quot;method&amp;quot;:&amp;quot;xpath&amp;quot;,&amp;quot;selector&amp;quot;:&amp;quot;//*[text()=&amp;quot; DF-891 &amp;quot;]//ancestor::duet-policy-card&amp;quot;}
  (Session info: chrome=123.0.6312.59)
For documentation on this error, please visit: https://selenium.dev/exceptions/#no_such_element
Build info: version: &amp;apos;4.8.0&amp;apos;, revision: &amp;apos;267030adea&amp;apos;
System info: os.name: &amp;apos;Windows 10&amp;apos;, os.arch: &amp;apos;amd64&amp;apos;, os.version: &amp;apos;10.0&amp;apos;, java.version: &amp;apos;17.0.9&amp;apos;
Driver info: org.openqa.selenium.chrome.ChromeDriver
Command: [a36f03446eaad045436d8217618100ca, findElement {using=xpath, value=//*[text()=&amp;quot; DF-891 &amp;quot;]//ancestor::duet-policy-card}]
Capabilities {acceptInsecureCerts: false, browserName: chrome, browserVersion: 123.0.6312.59, chrome: {chromedriverVersion: 123.0.6312.122 (31f8248cdd9..., userDataDir: C:\Users\KURIANI\AppData\Lo...}, fedcm:accounts: true, goog:chromeOptions: {debuggerAddress: localhost:65375}, networkConnectionEnabled: false, pageLoadStrategy: normal, platformName: WINDOWS, proxy: Proxy(), se:cdp: ws://localhost:65375/devtoo..., se:cdpVersion: 123.0.6312.59, setWindowRect: true, strictFileInteractability: false, timeouts: {implicit: 0, pageLoad: 300000, script: 30000}, unhandledPromptBehavior: dismiss and notify, webauthn:extension:credBlob: true, webauthn:extension:largeBlob: true, webauthn:extension:minPinLength: true, webauthn:extension:prf: true, webauthn:virtualAuthenticators: true}
Session ID: a36f03446eaad045436d8217618100ca">
      <![CDATA[java.lang.AssertionError: no such element: Unable to locate element: {"method":"xpath","selector":"//*[text()=" DF-891 "]//ancestor::duet-policy-card"}
  (Session info: chrome=123.0.6312.59)
For documentation on this error, please visit: https://selenium.dev/exceptions/#no_such_element
Build info: version: '4.8.0', revision: '267030adea'
System info: os.name: 'Windows 10', os.arch: 'amd64', os.version: '10.0', java.version: '17.0.9'
Driver info: org.openqa.selenium.chrome.ChromeDriver
Command: [a36f03446eaad045436d8217618100ca, findElement {using=xpath, value=//*[text()=" DF-891 "]//ancestor::duet-policy-card}]
Capabilities {acceptInsecureCerts: false, browserName: chrome, browserVersion: 123.0.6312.59, chrome: {chromedriverVersion: 123.0.6312.122 (31f8248cdd9..., userDataDir: C:\Users\KURIANI\AppData\Lo...}, fedcm:accounts: true, goog:chromeOptions: {debuggerAddress: localhost:65375}, networkConnectionEnabled: false, pageLoadStrategy: normal, platformName: WINDOWS, proxy: Proxy(), se:cdp: ws://localhost:65375/devtoo..., se:cdpVersion: 123.0.6312.59, setWindowRect: true, strictFileInteractability: false, timeouts: {implicit: 0, pageLoad: 300000, script: 30000}, unhandledPromptBehavior: dismiss and notify, webauthn:extension:credBlob: true, webauthn:extension:largeBlob: true, webauthn:extension:minPinLength: true, webauthn:extension:prf: true, webauthn:virtualAuthenticators: true}
Session ID: a36f03446eaad045436d8217618100ca
at supportlibraries.DriverScript.wrapUp(DriverScript.java:658)
=======
<testsuite ignored="0" hostname="dvtcstests048" failures="1" tests="1" name="Test95" time="285.86" errors="0" timestamp="2024-04-30T16:06:52 IST">
  <testcase classname="testscripts.scenario1.CarDealer_UnregisteredMotorCycle_VATI_LT" name="runTC1" time="285.732">
    <failure type="java.lang.NullPointerException" message="Cannot invoke &amp;quot;com.LT.framework.selenium.SeleniumReport.updateTestLog(String, String, com.LT.framework.Status)&amp;quot; because &amp;quot;this.report&amp;quot; is null">
      <![CDATA[java.lang.NullPointerException: Cannot invoke "com.LT.framework.selenium.SeleniumReport.updateTestLog(String, String, com.LT.framework.Status)" because "this.report" is null
at supportlibraries.ZephyrUtils.getSessionId(ZephyrUtils.java:156)
at supportlibraries.DriverScript.setJiraStatus(DriverScript.java:688)
at supportlibraries.DriverScript.wrapUp(DriverScript.java:656)
>>>>>>> 9352c1e4407ef1d3cabcbb9ce91149e2e889d700
at supportlibraries.DriverScript.driveTestExecution(DriverScript.java:121)
at testscripts.scenario1.CarDealer_UnregisteredMotorCycle_VATI_LT.runTC1(CarDealer_UnregisteredMotorCycle_VATI_LT.java:37)
at java.base/java.util.ArrayList.forEach(ArrayList.java:1511)
at java.base/java.util.concurrent.FutureTask.run(FutureTask.java:264)
at java.base/java.util.concurrent.ThreadPoolExecutor.runWorker(ThreadPoolExecutor.java:1136)
at java.base/java.util.concurrent.ThreadPoolExecutor$Worker.run(ThreadPoolExecutor.java:635)
at java.base/java.lang.Thread.run(Thread.java:842)
<<<<<<< HEAD
... Removed 18 stack frames]]>
=======
... Removed 17 stack frames]]>
>>>>>>> 9352c1e4407ef1d3cabcbb9ce91149e2e889d700
    </failure>
  </testcase> <!-- runTC1 -->
</testsuite> <!-- Test95 -->
