<?xml version="1.0" encoding="UTF-8"?>
<!-- Generated by org.testng.reporters.JUnitXMLReporter -->
<testsuite ignored="0" hostname="dvtcstests048" failures="1" tests="1" name="Test54" time="269.331" errors="0" timestamp="2024-04-23T17:54:38 IST">
  <testcase classname="testscripts.scenario1.PolicydetailsMFNOLScenario4_endedpolicy_PH_LT_FI" name="runTC1" time="269.233">
    <failure type="java.lang.AssertionError" message="no such element: Unable to locate element: {&amp;quot;method&amp;quot;:&amp;quot;xpath&amp;quot;,&amp;quot;selector&amp;quot;:&amp;quot;//*[@id=&amp;quot;AccountFile_Summary-AccountSummaryDashboard-CurrentPoliciesTileLV-CurrentPolicyTermsListViewTile-CurrentPolicyTermsListViewTile_LV-0-Policy_button&amp;quot;]&amp;quot;}
  (Session info: chrome=124.0.6367.61)
For documentation on this error, please visit: https://selenium.dev/exceptions/#no_such_element
Build info: version: &amp;apos;4.8.0&amp;apos;, revision: &amp;apos;267030adea&amp;apos;
System info: os.name: &amp;apos;Windows 10&amp;apos;, os.arch: &amp;apos;amd64&amp;apos;, os.version: &amp;apos;10.0&amp;apos;, java.version: &amp;apos;17.0.9&amp;apos;
Driver info: org.openqa.selenium.remote.RemoteWebDriver
Command: [dc84d8a590598379a05a20cedbed00a917fac5b4, findElement {using=xpath, value=//*[@id=&amp;quot;AccountFile_Summary-AccountSummaryDashboard-CurrentPoliciesTileLV-CurrentPolicyTermsListViewTile-CurrentPolicyTermsListViewTile_LV-0-Policy_button&amp;quot;]}]
Capabilities {acceptInsecureCerts: true, browserName: chrome, browserVersion: 124.0.6367.61, chrome: {chromedriverVersion: 124.0.6367.60 (8771130bd84f..., userDataDir: C:\Windows\proxy\scoped_dir...}, fedcm:accounts: true, goog:chromeOptions: {debuggerAddress: localhost:9222}, networkConnectionEnabled: false, pageLoadStrategy: normal, platformName: WINDOWS, proxy: Proxy(), setWindowRect: true, strictFileInteractability: false, timeouts: {implicit: 0, pageLoad: 300000, script: 30000}, unhandledPromptBehavior: dismiss and notify, webauthn:extension:credBlob: true, webauthn:extension:largeBlob: true, webauthn:extension:minPinLength: true, webauthn:extension:prf: true, webauthn:virtualAuthenticators: true, webdriver.remote.sessionid: dc84d8a590598379a05a20cedbe...}
Session ID: dc84d8a590598379a05a20cedbed00a917fac5b4">
      <![CDATA[java.lang.AssertionError: no such element: Unable to locate element: {"method":"xpath","selector":"//*[@id="AccountFile_Summary-AccountSummaryDashboard-CurrentPoliciesTileLV-CurrentPolicyTermsListViewTile-CurrentPolicyTermsListViewTile_LV-0-Policy_button"]"}
  (Session info: chrome=124.0.6367.61)
For documentation on this error, please visit: https://selenium.dev/exceptions/#no_such_element
Build info: version: '4.8.0', revision: '267030adea'
System info: os.name: 'Windows 10', os.arch: 'amd64', os.version: '10.0', java.version: '17.0.9'
Driver info: org.openqa.selenium.remote.RemoteWebDriver
Command: [dc84d8a590598379a05a20cedbed00a917fac5b4, findElement {using=xpath, value=//*[@id="AccountFile_Summary-AccountSummaryDashboard-CurrentPoliciesTileLV-CurrentPolicyTermsListViewTile-CurrentPolicyTermsListViewTile_LV-0-Policy_button"]}]
Capabilities {acceptInsecureCerts: true, browserName: chrome, browserVersion: 124.0.6367.61, chrome: {chromedriverVersion: 124.0.6367.60 (8771130bd84f..., userDataDir: C:\Windows\proxy\scoped_dir...}, fedcm:accounts: true, goog:chromeOptions: {debuggerAddress: localhost:9222}, networkConnectionEnabled: false, pageLoadStrategy: normal, platformName: WINDOWS, proxy: Proxy(), setWindowRect: true, strictFileInteractability: false, timeouts: {implicit: 0, pageLoad: 300000, script: 30000}, unhandledPromptBehavior: dismiss and notify, webauthn:extension:credBlob: true, webauthn:extension:largeBlob: true, webauthn:extension:minPinLength: true, webauthn:extension:prf: true, webauthn:virtualAuthenticators: true, webdriver.remote.sessionid: dc84d8a590598379a05a20cedbe...}
Session ID: dc84d8a590598379a05a20cedbed00a917fac5b4
at supportlibraries.DriverScript.wrapUp(DriverScript.java:658)
at supportlibraries.DriverScript.driveTestExecution(DriverScript.java:121)
at testscripts.scenario1.PolicydetailsMFNOLScenario4_endedpolicy_PH_LT_FI.runTC1(PolicydetailsMFNOLScenario4_endedpolicy_PH_LT_FI.java:30)
at java.base/java.util.ArrayList.forEach(ArrayList.java:1511)
at java.base/java.util.concurrent.FutureTask.run(FutureTask.java:264)
at java.base/java.util.concurrent.ThreadPoolExecutor.runWorker(ThreadPoolExecutor.java:1136)
at java.base/java.util.concurrent.ThreadPoolExecutor$Worker.run(ThreadPoolExecutor.java:635)
at java.base/java.lang.Thread.run(Thread.java:842)
... Removed 18 stack frames]]>
    </failure>
  </testcase> <!-- runTC1 -->
</testsuite> <!-- Test54 -->
