<?xml version="1.0" encoding="UTF-8"?>
<!-- Generated by org.testng.reporters.JUnitXMLReporter -->
<<<<<<< HEAD
<testsuite ignored="0" hostname="dvtcstests048" failures="1" tests="1" name="Test53" time="148.848" errors="0" timestamp="2024-05-07T15:42:25 IST">
  <testcase classname="testscripts.scenario1.PolicydetailsMFNOLScenario3_Upcomingpolicy_PH_LT_FI" name="runTC1" time="148.299">
    <failure type="java.lang.AssertionError" message="Account: is not displayed; Expected condition failed: waiting for visibility of element located by By.xpath: //*[@id=&amp;quot;AccountSearch-AccountSearchScreen-AccountSearchDV-TaxID&amp;quot;]/div/input (tried for 60 second(s) with 500 milliseconds interval)
Build info: version: &amp;apos;4.8.0&amp;apos;, revision: &amp;apos;267030adea&amp;apos;
System info: os.name: &amp;apos;Windows 10&amp;apos;, os.arch: &amp;apos;amd64&amp;apos;, os.version: &amp;apos;10.0&amp;apos;, java.version: &amp;apos;17.0.9&amp;apos;
Driver info: org.openqa.selenium.chrome.ChromeDriver
Capabilities {acceptInsecureCerts: false, browserName: chrome, browserVersion: 123.0.6312.59, chrome: {chromedriverVersion: 123.0.6312.122 (31f8248cdd9..., userDataDir: C:\Users\KURIANI\AppData\Lo...}, fedcm:accounts: true, goog:chromeOptions: {debuggerAddress: localhost:61703}, networkConnectionEnabled: false, pageLoadStrategy: normal, platformName: WINDOWS, proxy: Proxy(), se:cdp: ws://localhost:61703/devtoo..., se:cdpVersion: 123.0.6312.59, setWindowRect: true, strictFileInteractability: false, timeouts: {implicit: 0, pageLoad: 300000, script: 30000}, unhandledPromptBehavior: dismiss and notify, webauthn:extension:credBlob: true, webauthn:extension:largeBlob: true, webauthn:extension:minPinLength: true, webauthn:extension:prf: true, webauthn:virtualAuthenticators: true}
Session ID: 09e73b1ffa82fbbc407ea83529ddc074">
      <![CDATA[java.lang.AssertionError: Account: is not displayed; Expected condition failed: waiting for visibility of element located by By.xpath: //*[@id="AccountSearch-AccountSearchScreen-AccountSearchDV-TaxID"]/div/input (tried for 60 second(s) with 500 milliseconds interval)
Build info: version: '4.8.0', revision: '267030adea'
System info: os.name: 'Windows 10', os.arch: 'amd64', os.version: '10.0', java.version: '17.0.9'
Driver info: org.openqa.selenium.chrome.ChromeDriver
Capabilities {acceptInsecureCerts: false, browserName: chrome, browserVersion: 123.0.6312.59, chrome: {chromedriverVersion: 123.0.6312.122 (31f8248cdd9..., userDataDir: C:\Users\KURIANI\AppData\Lo...}, fedcm:accounts: true, goog:chromeOptions: {debuggerAddress: localhost:61703}, networkConnectionEnabled: false, pageLoadStrategy: normal, platformName: WINDOWS, proxy: Proxy(), se:cdp: ws://localhost:61703/devtoo..., se:cdpVersion: 123.0.6312.59, setWindowRect: true, strictFileInteractability: false, timeouts: {implicit: 0, pageLoad: 300000, script: 30000}, unhandledPromptBehavior: dismiss and notify, webauthn:extension:credBlob: true, webauthn:extension:largeBlob: true, webauthn:extension:minPinLength: true, webauthn:extension:prf: true, webauthn:virtualAuthenticators: true}
Session ID: 09e73b1ffa82fbbc407ea83529ddc074
at supportlibraries.DriverScript.wrapUp(DriverScript.java:658)
at supportlibraries.DriverScript.driveTestExecution(DriverScript.java:121)
at testscripts.scenario1.PolicydetailsMFNOLScenario3_Upcomingpolicy_PH_LT_FI.runTC1(PolicydetailsMFNOLScenario3_Upcomingpolicy_PH_LT_FI.java:30)
at java.base/java.util.ArrayList.forEach(ArrayList.java:1511)
at java.base/java.util.concurrent.FutureTask.run(FutureTask.java:264)
at java.base/java.util.concurrent.ThreadPoolExecutor.runWorker(ThreadPoolExecutor.java:1136)
at java.base/java.util.concurrent.ThreadPoolExecutor$Worker.run(ThreadPoolExecutor.java:635)
at java.base/java.lang.Thread.run(Thread.java:842)
... Removed 18 stack frames]]>
    </failure>
  </testcase> <!-- runTC1 -->
=======
<testsuite ignored="0" hostname="dvtcstests048" failures="0" tests="1" name="Test53" time="187.474" errors="0" timestamp="2024-04-23T17:50:09 IST">
  <testcase classname="testscripts.scenario1.PolicydetailsMFNOLScenario3_Upcomingpolicy_PH_LT_FI" name="runTC1" time="187.4"/>
>>>>>>> 9352c1e4407ef1d3cabcbb9ce91149e2e889d700
</testsuite> <!-- Test53 -->
