<?xml version="1.0" encoding="UTF-8"?>
<!-- Generated by org.testng.reporters.JUnitReportReporter -->
<<<<<<< HEAD
<testsuite hostname="dvtcstests048" failures="1" tests="1" name="testscripts.scenario1.MotorPolicyScenario5_LT" time="413.014" errors="0" timestamp="2024-05-13T17:21:12 IST" skipped="0">
  <testcase classname="testscripts.scenario1.MotorPolicyScenario5_LT" name="runTC1" time="413.014">
    <failure message="Value from PC &#039;1.294,93&#039; Not matches Value from application &#039;1 294,93&#039;" type="java.lang.AssertionError">
      <![CDATA[java.lang.AssertionError: Value from PC '1.294,93' Not matches Value from application '1 294,93'
=======
<testsuite hostname="dvtcstests048" failures="1" tests="1" name="testscripts.scenario1.MotorPolicyScenario5_LT" time="323.597" errors="0" timestamp="2024-04-23T19:28:19 IST" skipped="0">
  <testcase classname="testscripts.scenario1.MotorPolicyScenario5_LT" name="runTC1" time="323.597">
    <failure message="element not interactable
  (Session info: chrome=124.0.6367.61)
Build info: version: &#039;4.8.0&#039;, revision: &#039;267030adea&#039;
System info: os.name: &#039;Windows 10&#039;, os.arch: &#039;amd64&#039;, os.version: &#039;10.0&#039;, java.version: &#039;17.0.9&#039;
Driver info: org.openqa.selenium.remote.RemoteWebDriver
Command: [dfcfcb4366a106a3a3dc524ce7c2fce2140fc833, sendKeysToElement {id=f.3B32A792CB783B3973C73D675F1A262F.d.5EC2364A4C944C5B131807DE46CD207C.e.245, value=[Ljava.lang.CharSequence;@1b375d08}]
Capabilities {acceptInsecureCerts: true, browserName: chrome, browserVersion: 124.0.6367.61, chrome: {chromedriverVersion: 124.0.6367.60 (8771130bd84f..., userDataDir: C:\Windows\proxy\scoped_dir...}, fedcm:accounts: true, goog:chromeOptions: {debuggerAddress: localhost:9222}, networkConnectionEnabled: false, pageLoadStrategy: normal, platformName: WINDOWS, proxy: Proxy(), setWindowRect: true, strictFileInteractability: false, timeouts: {implicit: 0, pageLoad: 300000, script: 30000}, unhandledPromptBehavior: dismiss and notify, webauthn:extension:credBlob: true, webauthn:extension:largeBlob: true, webauthn:extension:minPinLength: true, webauthn:extension:prf: true, webauthn:virtualAuthenticators: true, webdriver.remote.sessionid: dfcfcb4366a106a3a3dc524ce7c...}
Element: [[RemoteWebDriver: chrome on WINDOWS (dfcfcb4366a106a3a3dc524ce7c2fce2140fc833)] -&gt; xpath: //*[@id=&quot;SubmissionWizard-LOBWizardStepGroup-SubmissionWizard_PolicyInfoScreen-SubmissionWizard_PolicyInfoDV-PolicySalesInformation_LTInputSet-PrimarySalesperson-SelectPrimarySalesperson&quot;]]
Session ID: dfcfcb4366a106a3a3dc524ce7c2fce2140fc833" type="java.lang.AssertionError">
      <![CDATA[java.lang.AssertionError: element not interactable
  (Session info: chrome=124.0.6367.61)
Build info: version: '4.8.0', revision: '267030adea'
System info: os.name: 'Windows 10', os.arch: 'amd64', os.version: '10.0', java.version: '17.0.9'
Driver info: org.openqa.selenium.remote.RemoteWebDriver
Command: [dfcfcb4366a106a3a3dc524ce7c2fce2140fc833, sendKeysToElement {id=f.3B32A792CB783B3973C73D675F1A262F.d.5EC2364A4C944C5B131807DE46CD207C.e.245, value=[Ljava.lang.CharSequence;@1b375d08}]
Capabilities {acceptInsecureCerts: true, browserName: chrome, browserVersion: 124.0.6367.61, chrome: {chromedriverVersion: 124.0.6367.60 (8771130bd84f..., userDataDir: C:\Windows\proxy\scoped_dir...}, fedcm:accounts: true, goog:chromeOptions: {debuggerAddress: localhost:9222}, networkConnectionEnabled: false, pageLoadStrategy: normal, platformName: WINDOWS, proxy: Proxy(), setWindowRect: true, strictFileInteractability: false, timeouts: {implicit: 0, pageLoad: 300000, script: 30000}, unhandledPromptBehavior: dismiss and notify, webauthn:extension:credBlob: true, webauthn:extension:largeBlob: true, webauthn:extension:minPinLength: true, webauthn:extension:prf: true, webauthn:virtualAuthenticators: true, webdriver.remote.sessionid: dfcfcb4366a106a3a3dc524ce7c...}
Element: [[RemoteWebDriver: chrome on WINDOWS (dfcfcb4366a106a3a3dc524ce7c2fce2140fc833)] -> xpath: //*[@id="SubmissionWizard-LOBWizardStepGroup-SubmissionWizard_PolicyInfoScreen-SubmissionWizard_PolicyInfoDV-PolicySalesInformation_LTInputSet-PrimarySalesperson-SelectPrimarySalesperson"]]
Session ID: dfcfcb4366a106a3a3dc524ce7c2fce2140fc833
>>>>>>> 9352c1e4407ef1d3cabcbb9ce91149e2e889d700
at org.testng.Assert.fail(Assert.java:111)
at supportlibraries.DriverScript.wrapUp(DriverScript.java:658)
at supportlibraries.DriverScript.driveTestExecution(DriverScript.java:121)
at testscripts.scenario1.MotorPolicyScenario5_LT.runTC1(MotorPolicyScenario5_LT.java:30)
at java.base/jdk.internal.reflect.NativeMethodAccessorImpl.invoke0(Native Method)
at java.base/jdk.internal.reflect.NativeMethodAccessorImpl.invoke(NativeMethodAccessorImpl.java:77)
at java.base/jdk.internal.reflect.DelegatingMethodAccessorImpl.invoke(DelegatingMethodAccessorImpl.java:43)
at java.base/java.lang.reflect.Method.invoke(Method.java:568)
at org.testng.internal.invokers.MethodInvocationHelper.invokeMethod(MethodInvocationHelper.java:139)
at org.testng.internal.invokers.TestInvoker.invokeMethod(TestInvoker.java:664)
at org.testng.internal.invokers.TestInvoker.invokeTestMethod(TestInvoker.java:227)
at org.testng.internal.invokers.MethodRunner.runInSequence(MethodRunner.java:50)
at org.testng.internal.invokers.TestInvoker$MethodInvocationAgent.invoke(TestInvoker.java:957)
at org.testng.internal.invokers.TestInvoker.invokeTestMethods(TestInvoker.java:200)
at org.testng.internal.invokers.TestMethodWorker.invokeTestMethods(TestMethodWorker.java:148)
at org.testng.internal.invokers.TestMethodWorker.run(TestMethodWorker.java:128)
at java.base/java.util.ArrayList.forEach(ArrayList.java:1511)
at org.testng.TestRunner.privateRun(TestRunner.java:848)
at org.testng.TestRunner.run(TestRunner.java:621)
at org.testng.SuiteRunner.runTest(SuiteRunner.java:443)
at org.testng.SuiteRunner$SuiteWorker.run(SuiteRunner.java:481)
at org.testng.internal.thread.ThreadUtil.lambda$execute$0(ThreadUtil.java:58)
at java.base/java.util.concurrent.FutureTask.run(FutureTask.java:264)
at java.base/java.util.concurrent.ThreadPoolExecutor.runWorker(ThreadPoolExecutor.java:1136)
at java.base/java.util.concurrent.ThreadPoolExecutor$Worker.run(ThreadPoolExecutor.java:635)
at java.base/java.lang.Thread.run(Thread.java:842)
]]>
    </failure>
  </testcase> <!-- runTC1 -->
</testsuite> <!-- testscripts.scenario1.MotorPolicyScenario5_LT -->
