<?xml version="1.0" encoding="UTF-8"?>
<!-- Generated by org.testng.reporters.JUnitReportReporter -->
<<<<<<< HEAD
<testsuite hostname="dvtcstests048" failures="1" tests="1" name="testscripts.scenario1.CollisionWithAnotherVehicle_Yes_LT" time="612.431" errors="0" timestamp="2024-05-10T17:14:45 IST" skipped="0">
  <testcase classname="testscripts.scenario1.CollisionWithAnotherVehicle_Yes_LT" name="runTC1" time="612.431">
    <failure message="invalid argument
=======
<testsuite hostname="dvtcstests048" failures="1" tests="1" name="testscripts.scenario1.CollisionWithAnotherVehicle_Yes_LT" time="416.037" errors="0" timestamp="2024-05-06T12:06:12 IST" skipped="0">
  <testcase classname="testscripts.scenario1.CollisionWithAnotherVehicle_Yes_LT" name="runTC1" time="416.037">
    <failure message="element click intercepted: Element &lt;duet-multiselect _ngcontent-bji-c701=&quot;&quot; id=&quot;frontSelect&quot; label-hidden=&quot;&quot; margin=&quot;none&quot; expand=&quot;&quot; class=&quot;duet-m-0 duet-expand hydrated&quot;&gt;&lt;/duet-multiselect&gt; is not clickable at point (254, 46). Other element would receive the click: &lt;duet-header _ngcontent-bji-c298=&quot;&quot; skip-to-id=&quot;#main&quot; class=&quot;ss-header duet-header-default-variation hydrated&quot; current-href=&quot;./#/fnol/vehicle/collision/other-vehicle-damages&quot;&gt;...&lt;/duet-header&gt;
>>>>>>> 9352c1e4407ef1d3cabcbb9ce91149e2e889d700
  (Session info: chrome=123.0.6312.59)
Build info: version: &#039;4.8.0&#039;, revision: &#039;267030adea&#039;
System info: os.name: &#039;Windows 10&#039;, os.arch: &#039;amd64&#039;, os.version: &#039;10.0&#039;, java.version: &#039;17.0.9&#039;
Driver info: org.openqa.selenium.chrome.ChromeDriver
<<<<<<< HEAD
Command: [d9d81f96c960ae5e363cc561e8674eb8, get {url=}]
Capabilities {acceptInsecureCerts: false, browserName: chrome, browserVersion: 123.0.6312.59, chrome: {chromedriverVersion: 123.0.6312.122 (31f8248cdd9..., userDataDir: C:\Users\KURIANI\AppData\Lo...}, fedcm:accounts: true, goog:chromeOptions: {debuggerAddress: localhost:60039}, networkConnectionEnabled: false, pageLoadStrategy: normal, platformName: WINDOWS, proxy: Proxy(), se:cdp: ws://localhost:60039/devtoo..., se:cdpVersion: 123.0.6312.59, setWindowRect: true, strictFileInteractability: false, timeouts: {implicit: 0, pageLoad: 300000, script: 30000}, unhandledPromptBehavior: dismiss and notify, webauthn:extension:credBlob: true, webauthn:extension:largeBlob: true, webauthn:extension:minPinLength: true, webauthn:extension:prf: true, webauthn:virtualAuthenticators: true}
Session ID: d9d81f96c960ae5e363cc561e8674eb8" type="java.lang.AssertionError">
      <![CDATA[java.lang.AssertionError: invalid argument
=======
Command: [713da82b658185029a304fb829d2a633, clickElement {id=f.3BCD4ED04DD50F5917D3C4BE0684C625.d.4DB0A9457EAC1133E97EAC7BEB8B0BA2.e.849}]
Capabilities {acceptInsecureCerts: false, browserName: chrome, browserVersion: 123.0.6312.59, chrome: {chromedriverVersion: 123.0.6312.122 (31f8248cdd9..., userDataDir: C:\Users\KURIANI\AppData\Lo...}, fedcm:accounts: true, goog:chromeOptions: {debuggerAddress: localhost:54346}, networkConnectionEnabled: false, pageLoadStrategy: normal, platformName: WINDOWS, proxy: Proxy(), se:cdp: ws://localhost:54346/devtoo..., se:cdpVersion: 123.0.6312.59, setWindowRect: true, strictFileInteractability: false, timeouts: {implicit: 0, pageLoad: 300000, script: 30000}, unhandledPromptBehavior: dismiss and notify, webauthn:extension:credBlob: true, webauthn:extension:largeBlob: true, webauthn:extension:minPinLength: true, webauthn:extension:prf: true, webauthn:virtualAuthenticators: true}
Element: [[ChromeDriver: chrome on WINDOWS (713da82b658185029a304fb829d2a633)] -&gt; css selector: #frontSelect]
Session ID: 713da82b658185029a304fb829d2a633" type="java.lang.AssertionError">
      <![CDATA[java.lang.AssertionError: element click intercepted: Element <duet-multiselect _ngcontent-bji-c701="" id="frontSelect" label-hidden="" margin="none" expand="" class="duet-m-0 duet-expand hydrated"></duet-multiselect> is not clickable at point (254, 46). Other element would receive the click: <duet-header _ngcontent-bji-c298="" skip-to-id="#main" class="ss-header duet-header-default-variation hydrated" current-href="./#/fnol/vehicle/collision/other-vehicle-damages">...</duet-header>
>>>>>>> 9352c1e4407ef1d3cabcbb9ce91149e2e889d700
  (Session info: chrome=123.0.6312.59)
Build info: version: '4.8.0', revision: '267030adea'
System info: os.name: 'Windows 10', os.arch: 'amd64', os.version: '10.0', java.version: '17.0.9'
Driver info: org.openqa.selenium.chrome.ChromeDriver
<<<<<<< HEAD
Command: [d9d81f96c960ae5e363cc561e8674eb8, get {url=}]
Capabilities {acceptInsecureCerts: false, browserName: chrome, browserVersion: 123.0.6312.59, chrome: {chromedriverVersion: 123.0.6312.122 (31f8248cdd9..., userDataDir: C:\Users\KURIANI\AppData\Lo...}, fedcm:accounts: true, goog:chromeOptions: {debuggerAddress: localhost:60039}, networkConnectionEnabled: false, pageLoadStrategy: normal, platformName: WINDOWS, proxy: Proxy(), se:cdp: ws://localhost:60039/devtoo..., se:cdpVersion: 123.0.6312.59, setWindowRect: true, strictFileInteractability: false, timeouts: {implicit: 0, pageLoad: 300000, script: 30000}, unhandledPromptBehavior: dismiss and notify, webauthn:extension:credBlob: true, webauthn:extension:largeBlob: true, webauthn:extension:minPinLength: true, webauthn:extension:prf: true, webauthn:virtualAuthenticators: true}
Session ID: d9d81f96c960ae5e363cc561e8674eb8
=======
Command: [713da82b658185029a304fb829d2a633, clickElement {id=f.3BCD4ED04DD50F5917D3C4BE0684C625.d.4DB0A9457EAC1133E97EAC7BEB8B0BA2.e.849}]
Capabilities {acceptInsecureCerts: false, browserName: chrome, browserVersion: 123.0.6312.59, chrome: {chromedriverVersion: 123.0.6312.122 (31f8248cdd9..., userDataDir: C:\Users\KURIANI\AppData\Lo...}, fedcm:accounts: true, goog:chromeOptions: {debuggerAddress: localhost:54346}, networkConnectionEnabled: false, pageLoadStrategy: normal, platformName: WINDOWS, proxy: Proxy(), se:cdp: ws://localhost:54346/devtoo..., se:cdpVersion: 123.0.6312.59, setWindowRect: true, strictFileInteractability: false, timeouts: {implicit: 0, pageLoad: 300000, script: 30000}, unhandledPromptBehavior: dismiss and notify, webauthn:extension:credBlob: true, webauthn:extension:largeBlob: true, webauthn:extension:minPinLength: true, webauthn:extension:prf: true, webauthn:virtualAuthenticators: true}
Element: [[ChromeDriver: chrome on WINDOWS (713da82b658185029a304fb829d2a633)] -> css selector: #frontSelect]
Session ID: 713da82b658185029a304fb829d2a633
>>>>>>> 9352c1e4407ef1d3cabcbb9ce91149e2e889d700
at org.testng.Assert.fail(Assert.java:111)
at supportlibraries.DriverScript.wrapUp(DriverScript.java:658)
at supportlibraries.DriverScript.driveTestExecution(DriverScript.java:121)
at testscripts.scenario1.CollisionWithAnotherVehicle_Yes_LT.runTC1(CollisionWithAnotherVehicle_Yes_LT.java:37)
at java.base/jdk.internal.reflect.NativeMethodAccessorImpl.invoke0(Native Method)
at java.base/jdk.internal.reflect.NativeMethodAccessorImpl.invoke(NativeMethodAccessorImpl.java:77)
at java.base/jdk.internal.reflect.DelegatingMethodAccessorImpl.invoke(DelegatingMethodAccessorImpl.java:43)
at java.base/java.lang.reflect.Method.invoke(Method.java:568)
at org.testng.internal.invokers.MethodInvocationHelper.invokeMethod(MethodInvocationHelper.java:139)
at org.testng.internal.invokers.TestInvoker.invokeMethod(TestInvoker.java:664)
at org.testng.internal.invokers.TestInvoker.invokeTestMethod(TestInvoker.java:227)
at org.testng.internal.invokers.MethodRunner.runInSequence(MethodRunner.java:50)
at org.testng.internal.invokers.TestInvoker$MethodInvocationAgent.invoke(TestInvoker.java:957)
at org.testng.internal.invokers.TestInvoker.invokeTestMethods(TestInvoker.java:200)
at org.testng.internal.invokers.TestMethodWorker.invokeTestMethods(TestMethodWorker.java:148)
at org.testng.internal.invokers.TestMethodWorker.run(TestMethodWorker.java:128)
at java.base/java.util.ArrayList.forEach(ArrayList.java:1511)
at org.testng.TestRunner.privateRun(TestRunner.java:848)
at org.testng.TestRunner.run(TestRunner.java:621)
at org.testng.SuiteRunner.runTest(SuiteRunner.java:443)
at org.testng.SuiteRunner$SuiteWorker.run(SuiteRunner.java:481)
at org.testng.internal.thread.ThreadUtil.lambda$execute$0(ThreadUtil.java:58)
at java.base/java.util.concurrent.FutureTask.run(FutureTask.java:264)
at java.base/java.util.concurrent.ThreadPoolExecutor.runWorker(ThreadPoolExecutor.java:1136)
at java.base/java.util.concurrent.ThreadPoolExecutor$Worker.run(ThreadPoolExecutor.java:635)
at java.base/java.lang.Thread.run(Thread.java:842)
]]>
    </failure>
  </testcase> <!-- runTC1 -->
</testsuite> <!-- testscripts.scenario1.CollisionWithAnotherVehicle_Yes_LT -->
