<?xml version="1.0" encoding="UTF-8"?>
<!-- Generated by org.testng.reporters.JUnitReportReporter -->
<testsuite hostname="dvtcstests048" failures="1" tests="1" name="testscripts.scenario1.VDSScenario4_ParkingLotcollision_Vehicledamagesfrompicture_Motorcycle_Proxy_LT_FI" time="267.025" errors="0" timestamp="2024-04-24T16:58:57 IST" skipped="0">
  <testcase classname="testscripts.scenario1.VDSScenario4_ParkingLotcollision_Vehicledamagesfrompicture_Motorcycle_Proxy_LT_FI" name="runTC1" time="267.025">
    <failure message="element click intercepted: Element &lt;button role=&quot;tab&quot; id=&quot;DuetTabGroup-4b9ade1a-603e-b186-6862-dc9fa787f6f4-button-1&quot; aria-controls=&quot;DuetTabGroup-4b9ade1a-603e-b186-6862-dc9fa787f6f4-tab-1&quot; aria-selected=&quot;false&quot; tabindex=&quot;-1&quot; part=&quot;DuetTabGroup-4b9ade1a-603e-b186-6862-dc9fa787f6f4-button &quot; type=&quot;button&quot; class=&quot;duet-tab-button&quot;&gt;...&lt;/button&gt; is not clickable at point (736, 28). Other element would receive the click: &lt;duet-header _ngcontent-nfp-c298=&quot;&quot; skip-to-id=&quot;#main&quot; class=&quot;ss-header duet-header-default-variation hydrated&quot; current-href=&quot;./#/fnol/vehicle/collision/vehicle-damages&quot;&gt;...&lt;/duet-header&gt;
  (Session info: chrome=123.0.6312.59)
Build info: version: &#039;4.8.0&#039;, revision: &#039;267030adea&#039;
System info: os.name: &#039;Windows 10&#039;, os.arch: &#039;amd64&#039;, os.version: &#039;10.0&#039;, java.version: &#039;17.0.9&#039;
Driver info: org.openqa.selenium.chrome.ChromeDriver
Command: [539b4e217c2d6807f44ad94af28505bb, clickElement {id=f.FB2CDB32D01D2977E160B07A8DE69209.d.63E0CDFADD26EC1A736AB13CA72D79CA.e.528}]
Capabilities {acceptInsecureCerts: false, browserName: chrome, browserVersion: 123.0.6312.59, chrome: {chromedriverVersion: 123.0.6312.122 (31f8248cdd9..., userDataDir: C:\Users\KURIANI\AppData\Lo...}, fedcm:accounts: true, goog:chromeOptions: {debuggerAddress: localhost:54105}, networkConnectionEnabled: false, pageLoadStrategy: normal, platformName: WINDOWS, proxy: Proxy(), se:cdp: ws://localhost:54105/devtoo..., se:cdpVersion: 123.0.6312.59, setWindowRect: true, strictFileInteractability: false, timeouts: {implicit: 0, pageLoad: 300000, script: 30000}, unhandledPromptBehavior: dismiss and notify, webauthn:extension:credBlob: true, webauthn:extension:largeBlob: true, webauthn:extension:minPinLength: true, webauthn:extension:prf: true, webauthn:virtualAuthenticators: true}
Element: [[org.openqa.selenium.remote.ShadowRoot@36f3de4b] -&gt; css selector: div&gt;button:nth-child(2)]
Session ID: 539b4e217c2d6807f44ad94af28505bb" type="java.lang.AssertionError">
      <![CDATA[java.lang.AssertionError: element click intercepted: Element <button role="tab" id="DuetTabGroup-4b9ade1a-603e-b186-6862-dc9fa787f6f4-button-1" aria-controls="DuetTabGroup-4b9ade1a-603e-b186-6862-dc9fa787f6f4-tab-1" aria-selected="false" tabindex="-1" part="DuetTabGroup-4b9ade1a-603e-b186-6862-dc9fa787f6f4-button " type="button" class="duet-tab-button">...</button> is not clickable at point (736, 28). Other element would receive the click: <duet-header _ngcontent-nfp-c298="" skip-to-id="#main" class="ss-header duet-header-default-variation hydrated" current-href="./#/fnol/vehicle/collision/vehicle-damages">...</duet-header>
  (Session info: chrome=123.0.6312.59)
Build info: version: '4.8.0', revision: '267030adea'
System info: os.name: 'Windows 10', os.arch: 'amd64', os.version: '10.0', java.version: '17.0.9'
Driver info: org.openqa.selenium.chrome.ChromeDriver
Command: [539b4e217c2d6807f44ad94af28505bb, clickElement {id=f.FB2CDB32D01D2977E160B07A8DE69209.d.63E0CDFADD26EC1A736AB13CA72D79CA.e.528}]
Capabilities {acceptInsecureCerts: false, browserName: chrome, browserVersion: 123.0.6312.59, chrome: {chromedriverVersion: 123.0.6312.122 (31f8248cdd9..., userDataDir: C:\Users\KURIANI\AppData\Lo...}, fedcm:accounts: true, goog:chromeOptions: {debuggerAddress: localhost:54105}, networkConnectionEnabled: false, pageLoadStrategy: normal, platformName: WINDOWS, proxy: Proxy(), se:cdp: ws://localhost:54105/devtoo..., se:cdpVersion: 123.0.6312.59, setWindowRect: true, strictFileInteractability: false, timeouts: {implicit: 0, pageLoad: 300000, script: 30000}, unhandledPromptBehavior: dismiss and notify, webauthn:extension:credBlob: true, webauthn:extension:largeBlob: true, webauthn:extension:minPinLength: true, webauthn:extension:prf: true, webauthn:virtualAuthenticators: true}
Element: [[org.openqa.selenium.remote.ShadowRoot@36f3de4b] -> css selector: div>button:nth-child(2)]
Session ID: 539b4e217c2d6807f44ad94af28505bb
at org.testng.Assert.fail(Assert.java:111)
at supportlibraries.DriverScript.wrapUp(DriverScript.java:658)
at supportlibraries.DriverScript.driveTestExecution(DriverScript.java:121)
at testscripts.scenario1.VDSScenario4_ParkingLotcollision_Vehicledamagesfrompicture_Motorcycle_Proxy_LT_FI.runTC1(VDSScenario4_ParkingLotcollision_Vehicledamagesfrompicture_Motorcycle_Proxy_LT_FI.java:30)
at java.base/jdk.internal.reflect.NativeMethodAccessorImpl.invoke0(Native Method)
at java.base/jdk.internal.reflect.NativeMethodAccessorImpl.invoke(NativeMethodAccessorImpl.java:77)
at java.base/jdk.internal.reflect.DelegatingMethodAccessorImpl.invoke(DelegatingMethodAccessorImpl.java:43)
at java.base/java.lang.reflect.Method.invoke(Method.java:568)
at org.testng.internal.invokers.MethodInvocationHelper.invokeMethod(MethodInvocationHelper.java:139)
at org.testng.internal.invokers.TestInvoker.invokeMethod(TestInvoker.java:664)
at org.testng.internal.invokers.TestInvoker.invokeTestMethod(TestInvoker.java:227)
at org.testng.internal.invokers.MethodRunner.runInSequence(MethodRunner.java:50)
at org.testng.internal.invokers.TestInvoker$MethodInvocationAgent.invoke(TestInvoker.java:957)
at org.testng.internal.invokers.TestInvoker.invokeTestMethods(TestInvoker.java:200)
at org.testng.internal.invokers.TestMethodWorker.invokeTestMethods(TestMethodWorker.java:148)
at org.testng.internal.invokers.TestMethodWorker.run(TestMethodWorker.java:128)
at java.base/java.util.ArrayList.forEach(ArrayList.java:1511)
at org.testng.TestRunner.privateRun(TestRunner.java:848)
at org.testng.TestRunner.run(TestRunner.java:621)
at org.testng.SuiteRunner.runTest(SuiteRunner.java:443)
at org.testng.SuiteRunner$SuiteWorker.run(SuiteRunner.java:481)
at org.testng.internal.thread.ThreadUtil.lambda$execute$0(ThreadUtil.java:58)
at java.base/java.util.concurrent.FutureTask.run(FutureTask.java:264)
at java.base/java.util.concurrent.ThreadPoolExecutor.runWorker(ThreadPoolExecutor.java:1136)
at java.base/java.util.concurrent.ThreadPoolExecutor$Worker.run(ThreadPoolExecutor.java:635)
at java.base/java.lang.Thread.run(Thread.java:842)
]]>
    </failure>
  </testcase> <!-- runTC1 -->
</testsuite> <!-- testscripts.scenario1.VDSScenario4_ParkingLotcollision_Vehicledamagesfrompicture_Motorcycle_Proxy_LT_FI -->
