<?xml version="1.0" encoding="UTF-8"?>
<!-- Generated by org.testng.reporters.JUnitReportReporter -->
<<<<<<< HEAD
<testsuite hostname="dvtcstests048" failures="1" tests="1" name="testscripts.scenario1.ParkinglotCollisionScenario2_UnknownVehicle_PH_NO_Turva" time="450.204" errors="0" timestamp="2024-05-09T13:24:13 IST" skipped="0">
  <testcase classname="testscripts.scenario1.ParkinglotCollisionScenario2_UnknownVehicle_PH_NO_Turva" name="runTC1" time="450.204">
    <failure message="element click intercepted: Element &lt;div class=&quot;gw-header--inner gw-header--icon&quot; id=&quot;SimpleClaimSearch-SimpleClaimSearchScreen-SimpleClaimSearchResultsLV-LossDateHeader_inner&quot;&gt;...&lt;/div&gt; is not clickable at point (1349, 336). Other element would receive the click: &lt;div id=&quot;gw-center-bottom-section&quot;&gt;...&lt;/div&gt;
  (Session info: chrome=123.0.6312.59)
Build info: version: &#039;4.8.0&#039;, revision: &#039;267030adea&#039;
System info: os.name: &#039;Windows 10&#039;, os.arch: &#039;amd64&#039;, os.version: &#039;10.0&#039;, java.version: &#039;17.0.9&#039;
Driver info: org.openqa.selenium.chrome.ChromeDriver
Command: [279958850ef2e61ca9b4998687fbff3a, clickElement {id=f.E97D436C9B2E3088FD1C8F95D30D43DA.d.F34C5B9ACFC1931209C7F47BCCF743F0.e.161}]
Capabilities {acceptInsecureCerts: false, browserName: chrome, browserVersion: 123.0.6312.59, chrome: {chromedriverVersion: 123.0.6312.122 (31f8248cdd9..., userDataDir: C:\Users\KURIANI\AppData\Lo...}, fedcm:accounts: true, goog:chromeOptions: {debuggerAddress: localhost:60067}, networkConnectionEnabled: false, pageLoadStrategy: normal, platformName: WINDOWS, proxy: Proxy(), se:cdp: ws://localhost:60067/devtoo..., se:cdpVersion: 123.0.6312.59, setWindowRect: true, strictFileInteractability: false, timeouts: {implicit: 0, pageLoad: 300000, script: 30000}, unhandledPromptBehavior: dismiss and notify, webauthn:extension:credBlob: true, webauthn:extension:largeBlob: true, webauthn:extension:minPinLength: true, webauthn:extension:prf: true, webauthn:virtualAuthenticators: true}
Element: [[ChromeDriver: chrome on WINDOWS (279958850ef2e61ca9b4998687fbff3a)] -&gt; xpath: //*[@id=&quot;SimpleClaimSearch-SimpleClaimSearchScreen-SimpleClaimSearchResultsLV-LossDateHeader_inner&quot;]]
Session ID: 279958850ef2e61ca9b4998687fbff3a" type="java.lang.AssertionError">
      <![CDATA[java.lang.AssertionError: element click intercepted: Element <div class="gw-header--inner gw-header--icon" id="SimpleClaimSearch-SimpleClaimSearchScreen-SimpleClaimSearchResultsLV-LossDateHeader_inner">...</div> is not clickable at point (1349, 336). Other element would receive the click: <div id="gw-center-bottom-section">...</div>
  (Session info: chrome=123.0.6312.59)
Build info: version: '4.8.0', revision: '267030adea'
System info: os.name: 'Windows 10', os.arch: 'amd64', os.version: '10.0', java.version: '17.0.9'
Driver info: org.openqa.selenium.chrome.ChromeDriver
Command: [279958850ef2e61ca9b4998687fbff3a, clickElement {id=f.E97D436C9B2E3088FD1C8F95D30D43DA.d.F34C5B9ACFC1931209C7F47BCCF743F0.e.161}]
Capabilities {acceptInsecureCerts: false, browserName: chrome, browserVersion: 123.0.6312.59, chrome: {chromedriverVersion: 123.0.6312.122 (31f8248cdd9..., userDataDir: C:\Users\KURIANI\AppData\Lo...}, fedcm:accounts: true, goog:chromeOptions: {debuggerAddress: localhost:60067}, networkConnectionEnabled: false, pageLoadStrategy: normal, platformName: WINDOWS, proxy: Proxy(), se:cdp: ws://localhost:60067/devtoo..., se:cdpVersion: 123.0.6312.59, setWindowRect: true, strictFileInteractability: false, timeouts: {implicit: 0, pageLoad: 300000, script: 30000}, unhandledPromptBehavior: dismiss and notify, webauthn:extension:credBlob: true, webauthn:extension:largeBlob: true, webauthn:extension:minPinLength: true, webauthn:extension:prf: true, webauthn:virtualAuthenticators: true}
Element: [[ChromeDriver: chrome on WINDOWS (279958850ef2e61ca9b4998687fbff3a)] -> xpath: //*[@id="SimpleClaimSearch-SimpleClaimSearchScreen-SimpleClaimSearchResultsLV-LossDateHeader_inner"]]
Session ID: 279958850ef2e61ca9b4998687fbff3a
at org.testng.Assert.fail(Assert.java:111)
at supportlibraries.DriverScript.wrapUp(DriverScript.java:658)
at supportlibraries.DriverScript.driveTestExecution(DriverScript.java:121)
at testscripts.scenario1.ParkinglotCollisionScenario2_UnknownVehicle_PH_NO_Turva.runTC1(ParkinglotCollisionScenario2_UnknownVehicle_PH_NO_Turva.java:30)
at java.base/jdk.internal.reflect.NativeMethodAccessorImpl.invoke0(Native Method)
at java.base/jdk.internal.reflect.NativeMethodAccessorImpl.invoke(NativeMethodAccessorImpl.java:77)
at java.base/jdk.internal.reflect.DelegatingMethodAccessorImpl.invoke(DelegatingMethodAccessorImpl.java:43)
at java.base/java.lang.reflect.Method.invoke(Method.java:568)
at org.testng.internal.invokers.MethodInvocationHelper.invokeMethod(MethodInvocationHelper.java:139)
at org.testng.internal.invokers.TestInvoker.invokeMethod(TestInvoker.java:664)
at org.testng.internal.invokers.TestInvoker.invokeTestMethod(TestInvoker.java:227)
at org.testng.internal.invokers.MethodRunner.runInSequence(MethodRunner.java:50)
at org.testng.internal.invokers.TestInvoker$MethodInvocationAgent.invoke(TestInvoker.java:957)
at org.testng.internal.invokers.TestInvoker.invokeTestMethods(TestInvoker.java:200)
at org.testng.internal.invokers.TestMethodWorker.invokeTestMethods(TestMethodWorker.java:148)
at org.testng.internal.invokers.TestMethodWorker.run(TestMethodWorker.java:128)
at java.base/java.util.ArrayList.forEach(ArrayList.java:1511)
at org.testng.TestRunner.privateRun(TestRunner.java:848)
at org.testng.TestRunner.run(TestRunner.java:621)
at org.testng.SuiteRunner.runTest(SuiteRunner.java:443)
at org.testng.SuiteRunner$SuiteWorker.run(SuiteRunner.java:481)
at org.testng.internal.thread.ThreadUtil.lambda$execute$0(ThreadUtil.java:58)
at java.base/java.util.concurrent.FutureTask.run(FutureTask.java:264)
at java.base/java.util.concurrent.ThreadPoolExecutor.runWorker(ThreadPoolExecutor.java:1136)
at java.base/java.util.concurrent.ThreadPoolExecutor$Worker.run(ThreadPoolExecutor.java:635)
at java.base/java.lang.Thread.run(Thread.java:842)
]]>
    </failure>
  </testcase> <!-- runTC1 -->
=======
<testsuite hostname="dvtcstests048" failures="0" tests="1" name="testscripts.scenario1.ParkinglotCollisionScenario2_UnknownVehicle_PH_NO_Turva" time="475.181" errors="0" timestamp="2024-04-16T23:32:01 IST" skipped="0">
  <testcase classname="testscripts.scenario1.ParkinglotCollisionScenario2_UnknownVehicle_PH_NO_Turva" name="runTC1" time="475.181"/>
>>>>>>> 9352c1e4407ef1d3cabcbb9ce91149e2e889d700
</testsuite> <!-- testscripts.scenario1.ParkinglotCollisionScenario2_UnknownVehicle_PH_NO_Turva -->
