<?xml version="1.0" encoding="UTF-8"?>
<!-- Generated by org.testng.reporters.JUnitReportReporter -->
<<<<<<< HEAD
<testsuite hostname="dvtcstests048" failures="0" tests="1" name="testscripts.scenario1.ParkinglotCollisionScenario1_KnownVehicle_PH_YES_Turva" time="563.531" errors="0" timestamp="2024-05-09T13:24:13 IST" skipped="0">
  <testcase classname="testscripts.scenario1.ParkinglotCollisionScenario1_KnownVehicle_PH_YES_Turva" name="runTC1" time="563.531"/>
=======
<testsuite hostname="dvtcstests048" failures="1" tests="1" name="testscripts.scenario1.ParkinglotCollisionScenario1_KnownVehicle_PH_YES_Turva" time="398.151" errors="0" timestamp="2024-04-16T23:32:01 IST" skipped="0">
  <testcase classname="testscripts.scenario1.ParkinglotCollisionScenario1_KnownVehicle_PH_YES_Turva" name="runTC1" time="398.151">
    <failure message="element click intercepted: Element &lt;duet-button _ngcontent-nnh-c934=&quot;&quot; variation=&quot;primary&quot; margin=&quot;none&quot; expand=&quot;&quot; class=&quot;duet-m-0 duet-expand hydrated&quot; language=&quot;fi&quot;&gt;...&lt;/duet-button&gt; is not clickable at point (371, 362). Other element would receive the click: &lt;input type=&quot;text&quot; class=&quot;duet-input sc-duet-input&quot; aria-invalid=&quot;false&quot; aria-labelledby=&quot;DuetLabel-6e4d065f-bb85-bb06-e0ff-6afdd015e81e&quot; placeholder=&quot;Kirjoita t채h채n&quot; spellcheck=&quot;true&quot; maxlength=&quot;50&quot; autocomplete=&quot;on&quot; name=&quot;partyFirstName&quot; id=&quot;DuetInput-d159a385-e611-1364-143f-941ade49b02a&quot;&gt;
  (Session info: chrome=123.0.6312.59)
Build info: version: &#039;4.8.0&#039;, revision: &#039;267030adea&#039;
System info: os.name: &#039;Windows 10&#039;, os.arch: &#039;amd64&#039;, os.version: &#039;10.0&#039;, java.version: &#039;17.0.9&#039;
Driver info: org.openqa.selenium.remote.RemoteWebDriver
Command: [547637f962d6eeda99b28fa6e4ffd30e52fdb0bf, clickElement {id=f.2B49648A0E4BBE7757659A59F0E79D70.d.4B62C78624D1C2936CBBE197FC2377B9.e.1294}]
Capabilities {acceptInsecureCerts: true, browserName: chrome, browserVersion: 123.0.6312.59, chrome: {chromedriverVersion: 123.0.6312.58 (6b4b19e9dfbb..., userDataDir: C:\Windows\proxy\scoped_dir...}, fedcm:accounts: true, goog:chromeOptions: {debuggerAddress: localhost:9222}, networkConnectionEnabled: false, pageLoadStrategy: normal, platformName: WINDOWS, proxy: Proxy(), setWindowRect: true, strictFileInteractability: false, timeouts: {implicit: 0, pageLoad: 300000, script: 30000}, unhandledPromptBehavior: dismiss and notify, webauthn:extension:credBlob: true, webauthn:extension:largeBlob: true, webauthn:extension:minPinLength: true, webauthn:extension:prf: true, webauthn:virtualAuthenticators: true, webdriver.remote.sessionid: 547637f962d6eeda99b28fa6e4f...}
Element: [[RemoteWebDriver: chrome on WINDOWS (547637f962d6eeda99b28fa6e4ffd30e52fdb0bf)] -&gt; xpath: (//duet-button[contains(@class,&#039;duet-m-0 duet-expand &#039;) and contains(@class,&#039;hydrated&#039;)])[1]]
Session ID: 547637f962d6eeda99b28fa6e4ffd30e52fdb0bf" type="java.lang.AssertionError">
      <![CDATA[java.lang.AssertionError: element click intercepted: Element <duet-button _ngcontent-nnh-c934="" variation="primary" margin="none" expand="" class="duet-m-0 duet-expand hydrated" language="fi">...</duet-button> is not clickable at point (371, 362). Other element would receive the click: <input type="text" class="duet-input sc-duet-input" aria-invalid="false" aria-labelledby="DuetLabel-6e4d065f-bb85-bb06-e0ff-6afdd015e81e" placeholder="Kirjoita t채h채n" spellcheck="true" maxlength="50" autocomplete="on" name="partyFirstName" id="DuetInput-d159a385-e611-1364-143f-941ade49b02a">
  (Session info: chrome=123.0.6312.59)
Build info: version: '4.8.0', revision: '267030adea'
System info: os.name: 'Windows 10', os.arch: 'amd64', os.version: '10.0', java.version: '17.0.9'
Driver info: org.openqa.selenium.remote.RemoteWebDriver
Command: [547637f962d6eeda99b28fa6e4ffd30e52fdb0bf, clickElement {id=f.2B49648A0E4BBE7757659A59F0E79D70.d.4B62C78624D1C2936CBBE197FC2377B9.e.1294}]
Capabilities {acceptInsecureCerts: true, browserName: chrome, browserVersion: 123.0.6312.59, chrome: {chromedriverVersion: 123.0.6312.58 (6b4b19e9dfbb..., userDataDir: C:\Windows\proxy\scoped_dir...}, fedcm:accounts: true, goog:chromeOptions: {debuggerAddress: localhost:9222}, networkConnectionEnabled: false, pageLoadStrategy: normal, platformName: WINDOWS, proxy: Proxy(), setWindowRect: true, strictFileInteractability: false, timeouts: {implicit: 0, pageLoad: 300000, script: 30000}, unhandledPromptBehavior: dismiss and notify, webauthn:extension:credBlob: true, webauthn:extension:largeBlob: true, webauthn:extension:minPinLength: true, webauthn:extension:prf: true, webauthn:virtualAuthenticators: true, webdriver.remote.sessionid: 547637f962d6eeda99b28fa6e4f...}
Element: [[RemoteWebDriver: chrome on WINDOWS (547637f962d6eeda99b28fa6e4ffd30e52fdb0bf)] -> xpath: (//duet-button[contains(@class,'duet-m-0 duet-expand ') and contains(@class,'hydrated')])[1]]
Session ID: 547637f962d6eeda99b28fa6e4ffd30e52fdb0bf
at org.testng.Assert.fail(Assert.java:111)
at supportlibraries.DriverScript.wrapUp(DriverScript.java:658)
at supportlibraries.DriverScript.driveTestExecution(DriverScript.java:121)
at testscripts.scenario1.ParkinglotCollisionScenario1_KnownVehicle_PH_YES_Turva.runTC1(ParkinglotCollisionScenario1_KnownVehicle_PH_YES_Turva.java:30)
at java.base/jdk.internal.reflect.NativeMethodAccessorImpl.invoke0(Native Method)
at java.base/jdk.internal.reflect.NativeMethodAccessorImpl.invoke(NativeMethodAccessorImpl.java:77)
at java.base/jdk.internal.reflect.DelegatingMethodAccessorImpl.invoke(DelegatingMethodAccessorImpl.java:43)
at java.base/java.lang.reflect.Method.invoke(Method.java:568)
at org.testng.internal.invokers.MethodInvocationHelper.invokeMethod(MethodInvocationHelper.java:139)
at org.testng.internal.invokers.TestInvoker.invokeMethod(TestInvoker.java:664)
at org.testng.internal.invokers.TestInvoker.invokeTestMethod(TestInvoker.java:227)
at org.testng.internal.invokers.MethodRunner.runInSequence(MethodRunner.java:50)
at org.testng.internal.invokers.TestInvoker$MethodInvocationAgent.invoke(TestInvoker.java:957)
at org.testng.internal.invokers.TestInvoker.invokeTestMethods(TestInvoker.java:200)
at org.testng.internal.invokers.TestMethodWorker.invokeTestMethods(TestMethodWorker.java:148)
at org.testng.internal.invokers.TestMethodWorker.run(TestMethodWorker.java:128)
at java.base/java.util.ArrayList.forEach(ArrayList.java:1511)
at org.testng.TestRunner.privateRun(TestRunner.java:848)
at org.testng.TestRunner.run(TestRunner.java:621)
at org.testng.SuiteRunner.runTest(SuiteRunner.java:443)
at org.testng.SuiteRunner$SuiteWorker.run(SuiteRunner.java:481)
at org.testng.internal.thread.ThreadUtil.lambda$execute$0(ThreadUtil.java:58)
at java.base/java.util.concurrent.FutureTask.run(FutureTask.java:264)
at java.base/java.util.concurrent.ThreadPoolExecutor.runWorker(ThreadPoolExecutor.java:1136)
at java.base/java.util.concurrent.ThreadPoolExecutor$Worker.run(ThreadPoolExecutor.java:635)
at java.base/java.lang.Thread.run(Thread.java:842)
]]>
    </failure>
  </testcase> <!-- runTC1 -->
>>>>>>> 9352c1e4407ef1d3cabcbb9ce91149e2e889d700
</testsuite> <!-- testscripts.scenario1.ParkinglotCollisionScenario1_KnownVehicle_PH_YES_Turva -->
