<?xml version="1.0" encoding="UTF-8"?>
<!-- Generated by org.testng.reporters.JUnitReportReporter -->
<<<<<<< HEAD
<testsuite hostname="dvtcstests048" failures="1" tests="1" name="testscripts.scenario1.CarDealer_RegisteredCar_VARES_LT" time="387.261" errors="0" timestamp="2024-05-08T12:04:16 IST" skipped="0">
  <testcase classname="testscripts.scenario1.CarDealer_RegisteredCar_VARES_LT" name="runTC1" time="387.261">
    <failure message="element click intercepted: Element &lt;duet-button _ngcontent-shh-c548=&quot;&quot; size=&quot;small&quot; variation=&quot;secondary&quot; margin=&quot;none&quot; icon=&quot;action-edit&quot; class=&quot;istrackable duet-m-0 duet-small hydrated&quot; data-analytics-link=&quot;common.cust_info_Editinformation&quot; language=&quot;fi&quot;&gt;...&lt;/duet-button&gt; is not clickable at point (258, 119). Other element would receive the click: &lt;duet-modal _ngcontent-shh-c255=&quot;&quot; size=&quot;x-large&quot; icon=&quot;action-edit&quot; variation=&quot;dialog&quot; active=&quot;&quot; class=&quot;duet-text-center hydrated&quot; language=&quot;fi&quot;&gt;...&lt;/duet-modal&gt;
  (Session info: chrome=123.0.6312.59)
Build info: version: &#039;4.8.0&#039;, revision: &#039;267030adea&#039;
System info: os.name: &#039;Windows 10&#039;, os.arch: &#039;amd64&#039;, os.version: &#039;10.0&#039;, java.version: &#039;17.0.9&#039;
Driver info: org.openqa.selenium.chrome.ChromeDriver
Command: [8045815a53546ad85601c36e1e145f99, clickElement {id=f.E288C288E3C8C5C56FE8479B250CBBAC.d.8BB72DDA7855C3B108A9E5B5063C1422.e.108}]
Capabilities {acceptInsecureCerts: false, browserName: chrome, browserVersion: 123.0.6312.59, chrome: {chromedriverVersion: 123.0.6312.122 (31f8248cdd9..., userDataDir: C:\Users\KURIANI\AppData\Lo...}, fedcm:accounts: true, goog:chromeOptions: {debuggerAddress: localhost:60533}, networkConnectionEnabled: false, pageLoadStrategy: normal, platformName: WINDOWS, proxy: Proxy(), se:cdp: ws://localhost:60533/devtoo..., se:cdpVersion: 123.0.6312.59, setWindowRect: true, strictFileInteractability: false, timeouts: {implicit: 0, pageLoad: 300000, script: 30000}, unhandledPromptBehavior: dismiss and notify, webauthn:extension:credBlob: true, webauthn:extension:largeBlob: true, webauthn:extension:minPinLength: true, webauthn:extension:prf: true, webauthn:virtualAuthenticators: true}
Element: [[ChromeDriver: chrome on WINDOWS (8045815a53546ad85601c36e1e145f99)] -&gt; xpath: (//duet-button)[1]]
Session ID: 8045815a53546ad85601c36e1e145f99" type="java.lang.AssertionError">
      <![CDATA[java.lang.AssertionError: element click intercepted: Element <duet-button _ngcontent-shh-c548="" size="small" variation="secondary" margin="none" icon="action-edit" class="istrackable duet-m-0 duet-small hydrated" data-analytics-link="common.cust_info_Editinformation" language="fi">...</duet-button> is not clickable at point (258, 119). Other element would receive the click: <duet-modal _ngcontent-shh-c255="" size="x-large" icon="action-edit" variation="dialog" active="" class="duet-text-center hydrated" language="fi">...</duet-modal>
  (Session info: chrome=123.0.6312.59)
Build info: version: '4.8.0', revision: '267030adea'
System info: os.name: 'Windows 10', os.arch: 'amd64', os.version: '10.0', java.version: '17.0.9'
Driver info: org.openqa.selenium.chrome.ChromeDriver
Command: [8045815a53546ad85601c36e1e145f99, clickElement {id=f.E288C288E3C8C5C56FE8479B250CBBAC.d.8BB72DDA7855C3B108A9E5B5063C1422.e.108}]
Capabilities {acceptInsecureCerts: false, browserName: chrome, browserVersion: 123.0.6312.59, chrome: {chromedriverVersion: 123.0.6312.122 (31f8248cdd9..., userDataDir: C:\Users\KURIANI\AppData\Lo...}, fedcm:accounts: true, goog:chromeOptions: {debuggerAddress: localhost:60533}, networkConnectionEnabled: false, pageLoadStrategy: normal, platformName: WINDOWS, proxy: Proxy(), se:cdp: ws://localhost:60533/devtoo..., se:cdpVersion: 123.0.6312.59, setWindowRect: true, strictFileInteractability: false, timeouts: {implicit: 0, pageLoad: 300000, script: 30000}, unhandledPromptBehavior: dismiss and notify, webauthn:extension:credBlob: true, webauthn:extension:largeBlob: true, webauthn:extension:minPinLength: true, webauthn:extension:prf: true, webauthn:virtualAuthenticators: true}
Element: [[ChromeDriver: chrome on WINDOWS (8045815a53546ad85601c36e1e145f99)] -> xpath: (//duet-button)[1]]
Session ID: 8045815a53546ad85601c36e1e145f99
=======
<testsuite hostname="dvtcstests048" failures="1" tests="1" name="testscripts.scenario1.CarDealer_RegisteredCar_VARES_LT" time="416.147" errors="0" timestamp="2024-04-22T12:55:31 IST" skipped="0">
  <testcase classname="testscripts.scenario1.CarDealer_RegisteredCar_VARES_LT" name="runTC1" time="416.147">
    <failure message="no such element: Unable to locate element: {&quot;method&quot;:&quot;xpath&quot;,&quot;selector&quot;:&quot;//*[text()=&quot; NIB-86 &quot;]//ancestor::duet-policy-card&quot;}
  (Session info: chrome=123.0.6312.59)
For documentation on this error, please visit: https://selenium.dev/exceptions/#no_such_element
Build info: version: &#039;4.8.0&#039;, revision: &#039;267030adea&#039;
System info: os.name: &#039;Windows 10&#039;, os.arch: &#039;amd64&#039;, os.version: &#039;10.0&#039;, java.version: &#039;17.0.9&#039;
Driver info: org.openqa.selenium.chrome.ChromeDriver
Command: [a3b9e9ebc473d096c2125c1c6c4f7ef9, findElement {using=xpath, value=//*[text()=&quot; NIB-86 &quot;]//ancestor::duet-policy-card}]
Capabilities {acceptInsecureCerts: false, browserName: chrome, browserVersion: 123.0.6312.59, chrome: {chromedriverVersion: 123.0.6312.122 (31f8248cdd9..., userDataDir: C:\Users\KURIANI\AppData\Lo...}, fedcm:accounts: true, goog:chromeOptions: {debuggerAddress: localhost:54836}, networkConnectionEnabled: false, pageLoadStrategy: normal, platformName: WINDOWS, proxy: Proxy(), se:cdp: ws://localhost:54836/devtoo..., se:cdpVersion: 123.0.6312.59, setWindowRect: true, strictFileInteractability: false, timeouts: {implicit: 0, pageLoad: 300000, script: 30000}, unhandledPromptBehavior: dismiss and notify, webauthn:extension:credBlob: true, webauthn:extension:largeBlob: true, webauthn:extension:minPinLength: true, webauthn:extension:prf: true, webauthn:virtualAuthenticators: true}
Session ID: a3b9e9ebc473d096c2125c1c6c4f7ef9" type="java.lang.AssertionError">
      <![CDATA[java.lang.AssertionError: no such element: Unable to locate element: {"method":"xpath","selector":"//*[text()=" NIB-86 "]//ancestor::duet-policy-card"}
  (Session info: chrome=123.0.6312.59)
For documentation on this error, please visit: https://selenium.dev/exceptions/#no_such_element
Build info: version: '4.8.0', revision: '267030adea'
System info: os.name: 'Windows 10', os.arch: 'amd64', os.version: '10.0', java.version: '17.0.9'
Driver info: org.openqa.selenium.chrome.ChromeDriver
Command: [a3b9e9ebc473d096c2125c1c6c4f7ef9, findElement {using=xpath, value=//*[text()=" NIB-86 "]//ancestor::duet-policy-card}]
Capabilities {acceptInsecureCerts: false, browserName: chrome, browserVersion: 123.0.6312.59, chrome: {chromedriverVersion: 123.0.6312.122 (31f8248cdd9..., userDataDir: C:\Users\KURIANI\AppData\Lo...}, fedcm:accounts: true, goog:chromeOptions: {debuggerAddress: localhost:54836}, networkConnectionEnabled: false, pageLoadStrategy: normal, platformName: WINDOWS, proxy: Proxy(), se:cdp: ws://localhost:54836/devtoo..., se:cdpVersion: 123.0.6312.59, setWindowRect: true, strictFileInteractability: false, timeouts: {implicit: 0, pageLoad: 300000, script: 30000}, unhandledPromptBehavior: dismiss and notify, webauthn:extension:credBlob: true, webauthn:extension:largeBlob: true, webauthn:extension:minPinLength: true, webauthn:extension:prf: true, webauthn:virtualAuthenticators: true}
Session ID: a3b9e9ebc473d096c2125c1c6c4f7ef9
>>>>>>> 9352c1e4407ef1d3cabcbb9ce91149e2e889d700
at org.testng.Assert.fail(Assert.java:111)
at supportlibraries.DriverScript.wrapUp(DriverScript.java:658)
at supportlibraries.DriverScript.driveTestExecution(DriverScript.java:121)
at testscripts.scenario1.CarDealer_RegisteredCar_VARES_LT.runTC1(CarDealer_RegisteredCar_VARES_LT.java:37)
at java.base/jdk.internal.reflect.NativeMethodAccessorImpl.invoke0(Native Method)
at java.base/jdk.internal.reflect.NativeMethodAccessorImpl.invoke(NativeMethodAccessorImpl.java:77)
at java.base/jdk.internal.reflect.DelegatingMethodAccessorImpl.invoke(DelegatingMethodAccessorImpl.java:43)
at java.base/java.lang.reflect.Method.invoke(Method.java:568)
at org.testng.internal.invokers.MethodInvocationHelper.invokeMethod(MethodInvocationHelper.java:139)
at org.testng.internal.invokers.TestInvoker.invokeMethod(TestInvoker.java:664)
at org.testng.internal.invokers.TestInvoker.invokeTestMethod(TestInvoker.java:227)
at org.testng.internal.invokers.MethodRunner.runInSequence(MethodRunner.java:50)
at org.testng.internal.invokers.TestInvoker$MethodInvocationAgent.invoke(TestInvoker.java:957)
at org.testng.internal.invokers.TestInvoker.invokeTestMethods(TestInvoker.java:200)
at org.testng.internal.invokers.TestMethodWorker.invokeTestMethods(TestMethodWorker.java:148)
at org.testng.internal.invokers.TestMethodWorker.run(TestMethodWorker.java:128)
at java.base/java.util.ArrayList.forEach(ArrayList.java:1511)
at org.testng.TestRunner.privateRun(TestRunner.java:848)
at org.testng.TestRunner.run(TestRunner.java:621)
at org.testng.SuiteRunner.runTest(SuiteRunner.java:443)
at org.testng.SuiteRunner$SuiteWorker.run(SuiteRunner.java:481)
at org.testng.internal.thread.ThreadUtil.lambda$execute$0(ThreadUtil.java:58)
at java.base/java.util.concurrent.FutureTask.run(FutureTask.java:264)
at java.base/java.util.concurrent.ThreadPoolExecutor.runWorker(ThreadPoolExecutor.java:1136)
at java.base/java.util.concurrent.ThreadPoolExecutor$Worker.run(ThreadPoolExecutor.java:635)
at java.base/java.lang.Thread.run(Thread.java:842)
]]>
    </failure>
  </testcase> <!-- runTC1 -->
</testsuite> <!-- testscripts.scenario1.CarDealer_RegisteredCar_VARES_LT -->
